2017/10/13 06:09:06 Starting decoder6
2017/10/13 06:09:06 file blocksize  11
2017/10/13 06:09:06 modulo bitsize  32
2017/10/13 06:09:06 modulo bigint 4294967296
2017/10/13 06:09:06 modulo floor  85   38685626227668133590597632  ceil  77371252455336267181195264
2017/10/13 06:09:06 modulo floor equals zero  0   0
2017/10/13 06:09:06 modulo floor equals zero setting  38685626227668133590597632   38685626227668133590597632
2017/10/13 06:09:06 modulo floor  38685626227668133590597632
2017/10/13 06:09:06 modulo i  4294967296
2017/10/13 06:09:06 modulo remainder  38685626227668133590597632
2017/10/13 06:09:06 modulo remainder  1769152616
2017/10/13 06:09:06 modulo modstart  38685626227668135359750248
2017/10/13 06:10:58 blockbuffer value  38685626657164864959750248
2017/10/13 06:12:49 blockbuffer value  38685627086661594559750248
2017/10/13 06:14:41 blockbuffer value  38685627516158324159750248
2017/10/13 06:16:32 blockbuffer value  38685627945655053759750248
2017/10/13 06:18:23 blockbuffer value  38685628375151783359750248
2017/10/13 06:20:15 blockbuffer value  38685628804648512959750248
2017/10/13 06:22:06 blockbuffer value  38685629234145242559750248
2017/10/13 06:23:57 blockbuffer value  38685629663641972159750248
2017/10/13 06:25:49 blockbuffer value  38685630093138701759750248
2017/10/13 06:27:40 blockbuffer value  38685630522635431359750248
2017/10/13 06:29:31 blockbuffer value  38685630952132160959750248
2017/10/13 06:31:23 blockbuffer value  38685631381628890559750248
2017/10/13 06:33:14 blockbuffer value  38685631811125620159750248
2017/10/13 06:35:05 blockbuffer value  38685632240622349759750248
2017/10/13 06:36:56 blockbuffer value  38685632670119079359750248
2017/10/13 06:38:48 blockbuffer value  38685633099615808959750248
2017/10/13 06:40:39 blockbuffer value  38685633529112538559750248
2017/10/13 06:42:30 blockbuffer value  38685633958609268159750248
2017/10/13 06:44:22 blockbuffer value  38685634388105997759750248
2017/10/13 06:46:13 blockbuffer value  38685634817602727359750248
2017/10/13 06:48:05 blockbuffer value  38685635247099456959750248
2017/10/13 06:49:56 blockbuffer value  38685635676596186559750248
2017/10/13 06:51:47 blockbuffer value  38685636106092916159750248
2017/10/13 06:53:39 blockbuffer value  38685636535589645759750248
2017/10/13 06:55:30 blockbuffer value  38685636965086375359750248
2017/10/13 06:57:21 blockbuffer value  38685637394583104959750248
2017/10/13 06:57:31 Found Block  [32 0 0 155 124 90 83 105 115 32 104]   [32 0 0 155 124 90 83 105 115 32 104]   a94ff320   a94ff320
2017/10/13 06:59:13 blockbuffer value  38685637824079834559750248
2017/10/13 07:01:04 blockbuffer value  38685638253576564159750248
2017/10/13 07:02:56 blockbuffer value  38685638683073293759750248
2017/10/13 07:04:47 blockbuffer value  38685639112570023359750248
2017/10/13 07:06:39 blockbuffer value  38685639542066752959750248
2017/10/13 07:08:30 blockbuffer value  38685639971563482559750248
2017/10/13 07:10:21 blockbuffer value  38685640401060212159750248
2017/10/13 07:12:13 blockbuffer value  38685640830556941759750248
2017/10/13 07:14:04 blockbuffer value  38685641260053671359750248
2017/10/13 07:15:56 blockbuffer value  38685641689550400959750248
2017/10/13 07:17:47 blockbuffer value  38685642119047130559750248
2017/10/13 07:19:38 blockbuffer value  38685642548543860159750248
2017/10/13 07:21:30 blockbuffer value  38685642978040589759750248
2017/10/13 07:23:21 blockbuffer value  38685643407537319359750248
2017/10/13 07:25:13 blockbuffer value  38685643837034048959750248
2017/10/13 07:27:04 blockbuffer value  38685644266530778559750248
2017/10/13 07:28:55 blockbuffer value  38685644696027508159750248
2017/10/13 07:30:47 blockbuffer value  38685645125524237759750248
2017/10/13 07:32:38 blockbuffer value  38685645555020967359750248
2017/10/13 07:34:29 blockbuffer value  38685645984517696959750248
2017/10/13 07:36:21 blockbuffer value  38685646414014426559750248
2017/10/13 07:38:12 blockbuffer value  38685646843511156159750248
2017/10/13 07:40:04 blockbuffer value  38685647273007885759750248
2017/10/13 07:41:55 blockbuffer value  38685647702504615359750248
2017/10/13 07:43:46 blockbuffer value  38685648132001344959750248
2017/10/13 07:45:38 blockbuffer value  38685648561498074559750248
2017/10/13 07:47:29 blockbuffer value  38685648990994804159750248
2017/10/13 07:49:21 blockbuffer value  38685649420491533759750248
2017/10/13 07:51:12 blockbuffer value  38685649849988263359750248
2017/10/13 07:53:04 blockbuffer value  38685650279484992959750248
2017/10/13 07:54:55 blockbuffer value  38685650708981722559750248
2017/10/13 07:56:47 blockbuffer value  38685651138478452159750248
2017/10/13 07:58:38 blockbuffer value  38685651567975181759750248
2017/10/13 08:00:30 blockbuffer value  38685651997471911359750248
2017/10/13 08:02:21 blockbuffer value  38685652426968640959750248
2017/10/13 08:04:12 blockbuffer value  38685652856465370559750248
2017/10/13 08:06:04 blockbuffer value  38685653285962100159750248
2017/10/13 08:07:55 blockbuffer value  38685653715458829759750248
2017/10/13 08:09:46 blockbuffer value  38685654144955559359750248
2017/10/13 08:11:38 blockbuffer value  38685654574452288959750248
2017/10/13 08:13:29 blockbuffer value  38685655003949018559750248
2017/10/13 08:15:21 blockbuffer value  38685655433445748159750248
2017/10/13 08:17:12 blockbuffer value  38685655862942477759750248
2017/10/13 08:19:04 blockbuffer value  38685656292439207359750248
2017/10/13 08:20:55 blockbuffer value  38685656721935936959750248
2017/10/13 08:22:46 blockbuffer value  38685657151432666559750248
2017/10/13 08:24:37 blockbuffer value  38685657580929396159750248
2017/10/13 08:26:29 blockbuffer value  38685658010426125759750248
2017/10/13 08:28:20 blockbuffer value  38685658439922855359750248
2017/10/13 08:30:12 blockbuffer value  38685658869419584959750248
2017/10/13 08:32:03 blockbuffer value  38685659298916314559750248
2017/10/13 08:33:54 blockbuffer value  38685659728413044159750248
2017/10/13 08:35:46 blockbuffer value  38685660157909773759750248
2017/10/13 08:37:37 blockbuffer value  38685660587406503359750248
2017/10/13 08:39:29 blockbuffer value  38685661016903232959750248
2017/10/13 08:41:20 blockbuffer value  38685661446399962559750248
2017/10/13 08:43:12 blockbuffer value  38685661875896692159750248
2017/10/13 08:45:03 blockbuffer value  38685662305393421759750248
2017/10/13 08:46:54 blockbuffer value  38685662734890151359750248
2017/10/13 08:48:46 blockbuffer value  38685663164386880959750248
2017/10/13 08:50:37 blockbuffer value  38685663593883610559750248
2017/10/13 08:52:28 blockbuffer value  38685664023380340159750248
2017/10/13 08:54:20 blockbuffer value  38685664452877069759750248
2017/10/13 08:55:09 Found Block  [32 0 2 21 31 170 115 105 115 32 104]   [32 0 2 21 31 170 115 105 115 32 104]   a94ff320   a94ff320
2017/10/13 08:56:11 blockbuffer value  38685664882373799359750248
2017/10/13 08:58:03 blockbuffer value  38685665311870528959750248
2017/10/13 08:59:54 blockbuffer value  38685665741367258559750248
2017/10/13 09:01:45 blockbuffer value  38685666170863988159750248
2017/10/13 09:03:37 blockbuffer value  38685666600360717759750248
2017/10/13 09:05:28 blockbuffer value  38685667029857447359750248
2017/10/13 09:07:19 blockbuffer value  38685667459354176959750248
2017/10/13 09:09:11 blockbuffer value  38685667888850906559750248
2017/10/13 09:11:03 blockbuffer value  38685668318347636159750248
2017/10/13 09:12:54 blockbuffer value  38685668747844365759750248
2017/10/13 09:14:45 blockbuffer value  38685669177341095359750248
2017/10/13 09:16:37 blockbuffer value  38685669606837824959750248
2017/10/13 09:18:28 blockbuffer value  38685670036334554559750248
2017/10/13 09:20:19 blockbuffer value  38685670465831284159750248
2017/10/13 09:22:11 blockbuffer value  38685670895328013759750248
2017/10/13 09:24:02 blockbuffer value  38685671324824743359750248
2017/10/13 09:25:54 blockbuffer value  38685671754321472959750248
2017/10/13 09:27:45 blockbuffer value  38685672183818202559750248
2017/10/13 09:29:37 blockbuffer value  38685672613314932159750248
2017/10/13 09:31:28 blockbuffer value  38685673042811661759750248
2017/10/13 09:33:20 blockbuffer value  38685673472308391359750248
2017/10/13 09:35:11 blockbuffer value  38685673901805120959750248
2017/10/13 09:37:02 blockbuffer value  38685674331301850559750248
2017/10/13 09:38:54 blockbuffer value  38685674760798580159750248
2017/10/13 09:40:45 blockbuffer value  38685675190295309759750248
2017/10/13 09:40:58 Found Block  [32 0 2 168 45 60 170 105 115 32 104]   [32 0 2 168 45 60 170 105 115 32 104]   a94ff320   a94ff320
2017/10/13 09:42:37 blockbuffer value  38685675619792039359750248
2017/10/13 09:44:28 blockbuffer value  38685676049288768959750248
2017/10/13 09:46:20 blockbuffer value  38685676478785498559750248
2017/10/13 09:48:11 blockbuffer value  38685676908282228159750248
2017/10/13 09:50:02 blockbuffer value  38685677337778957759750248
2017/10/13 09:51:54 blockbuffer value  38685677767275687359750248
2017/10/13 09:53:45 blockbuffer value  38685678196772416959750248
2017/10/13 09:55:37 blockbuffer value  38685678626269146559750248
2017/10/13 09:57:28 blockbuffer value  38685679055765876159750248
2017/10/13 09:59:19 blockbuffer value  38685679485262605759750248
2017/10/13 10:01:11 blockbuffer value  38685679914759335359750248
2017/10/13 10:03:02 blockbuffer value  38685680344256064959750248
2017/10/13 10:04:54 blockbuffer value  38685680773752794559750248
2017/10/13 10:06:45 blockbuffer value  38685681203249524159750248
2017/10/13 10:08:37 blockbuffer value  38685681632746253759750248
2017/10/13 10:10:28 blockbuffer value  38685682062242983359750248
2017/10/13 10:12:20 blockbuffer value  38685682491739712959750248
2017/10/13 10:14:11 blockbuffer value  38685682921236442559750248
2017/10/13 10:16:03 blockbuffer value  38685683350733172159750248
2017/10/13 10:17:54 blockbuffer value  38685683780229901759750248
2017/10/13 10:19:45 blockbuffer value  38685684209726631359750248
2017/10/13 10:21:37 blockbuffer value  38685684639223360959750248
2017/10/13 10:23:29 blockbuffer value  38685685068720090559750248
2017/10/13 10:25:20 blockbuffer value  38685685498216820159750248
2017/10/13 10:27:11 blockbuffer value  38685685927713549759750248
2017/10/13 10:29:03 blockbuffer value  38685686357210279359750248
2017/10/13 10:30:54 blockbuffer value  38685686786707008959750248
2017/10/13 10:32:46 blockbuffer value  38685687216203738559750248
2017/10/13 10:34:37 blockbuffer value  38685687645700468159750248
2017/10/13 10:36:29 blockbuffer value  38685688075197197759750248
2017/10/13 10:38:20 blockbuffer value  38685688504693927359750248
2017/10/13 10:40:11 blockbuffer value  38685688934190656959750248
2017/10/13 10:42:03 blockbuffer value  38685689363687386559750248
2017/10/13 10:43:54 blockbuffer value  38685689793184116159750248
2017/10/13 10:45:46 blockbuffer value  38685690222680845759750248
2017/10/13 10:47:37 blockbuffer value  38685690652177575359750248
2017/10/13 10:49:29 blockbuffer value  38685691081674304959750248
2017/10/13 10:51:20 blockbuffer value  38685691511171034559750248
2017/10/13 10:53:12 blockbuffer value  38685691940667764159750248
2017/10/13 10:54:18 Found Block  [32 0 3 147 126 221 239 105 115 32 104]   [32 0 3 147 126 221 239 105 115 32 104]   a94ff320   a94ff320
2017/10/13 10:55:03 blockbuffer value  38685692370164493759750248
2017/10/13 10:56:54 blockbuffer value  38685692799661223359750248
2017/10/13 10:58:46 blockbuffer value  38685693229157952959750248
2017/10/13 10:58:56 Found Block  [32 0 3 162 102 107 223 105 115 32 104]   [32 0 3 162 102 107 223 105 115 32 104]   a94ff320   a94ff320
2017/10/13 11:00:37 blockbuffer value  38685693658654682559750248
2017/10/13 11:02:28 blockbuffer value  38685694088151412159750248
2017/10/13 11:04:20 blockbuffer value  38685694517648141759750248
2017/10/13 11:06:11 blockbuffer value  38685694947144871359750248
2017/10/13 11:08:03 blockbuffer value  38685695376641600959750248
2017/10/13 11:09:54 blockbuffer value  38685695806138330559750248
2017/10/13 11:11:46 blockbuffer value  38685696235635060159750248
2017/10/13 11:13:37 blockbuffer value  38685696665131789759750248
2017/10/13 11:15:29 blockbuffer value  38685697094628519359750248
2017/10/13 11:17:20 blockbuffer value  38685697524125248959750248
2017/10/13 11:19:12 blockbuffer value  38685697953621978559750248
2017/10/13 11:21:03 blockbuffer value  38685698383118708159750248
2017/10/13 11:22:55 blockbuffer value  38685698812615437759750248
2017/10/13 11:24:46 blockbuffer value  38685699242112167359750248
2017/10/13 11:26:38 blockbuffer value  38685699671608896959750248
2017/10/13 11:28:29 blockbuffer value  38685700101105626559750248
2017/10/13 11:30:21 blockbuffer value  38685700530602356159750248
2017/10/13 11:32:12 blockbuffer value  38685700960099085759750248
2017/10/13 11:34:03 blockbuffer value  38685701389595815359750248
2017/10/13 11:35:54 blockbuffer value  38685701819092544959750248
2017/10/13 11:37:46 blockbuffer value  38685702248589274559750248
2017/10/13 11:39:37 blockbuffer value  38685702678086004159750248
2017/10/13 11:41:29 blockbuffer value  38685703107582733759750248
2017/10/13 11:43:20 blockbuffer value  38685703537079463359750248
2017/10/13 11:45:11 blockbuffer value  38685703966576192959750248
2017/10/13 11:47:03 blockbuffer value  38685704396072922559750248
2017/10/13 11:48:54 blockbuffer value  38685704825569652159750248
2017/10/13 11:50:45 blockbuffer value  38685705255066381759750248
2017/10/13 11:52:37 blockbuffer value  38685705684563111359750248
2017/10/13 11:54:28 blockbuffer value  38685706114059840959750248
2017/10/13 11:56:19 blockbuffer value  38685706543556570559750248
2017/10/13 11:58:11 blockbuffer value  38685706973053300159750248
2017/10/13 12:00:02 blockbuffer value  38685707402550029759750248
2017/10/13 12:01:54 blockbuffer value  38685707832046759359750248
2017/10/13 12:03:45 blockbuffer value  38685708261543488959750248
2017/10/13 12:05:37 blockbuffer value  38685708691040218559750248
2017/10/13 12:07:28 blockbuffer value  38685709120536948159750248
2017/10/13 12:09:19 blockbuffer value  38685709550033677759750248
2017/10/13 12:11:11 blockbuffer value  38685709979530407359750248
2017/10/13 12:13:02 blockbuffer value  38685710409027136959750248
2017/10/13 12:14:54 blockbuffer value  38685710838523866559750248
2017/10/13 12:16:45 blockbuffer value  38685711268020596159750248
2017/10/13 12:18:37 blockbuffer value  38685711697517325759750248
2017/10/13 12:19:21 Found Block  [32 0 4 164 121 174 69 105 115 32 104]   [32 0 4 164 121 174 69 105 115 32 104]   a94ff320   a94ff320
2017/10/13 12:20:28 blockbuffer value  38685712127014055359750248
2017/10/13 12:22:20 blockbuffer value  38685712556510784959750248
2017/10/13 12:24:11 blockbuffer value  38685712986007514559750248
2017/10/13 12:26:02 blockbuffer value  38685713415504244159750248
2017/10/13 12:27:54 blockbuffer value  38685713845000973759750248
2017/10/13 12:29:45 blockbuffer value  38685714274497703359750248
2017/10/13 12:31:37 blockbuffer value  38685714703994432959750248
2017/10/13 12:33:28 blockbuffer value  38685715133491162559750248
2017/10/13 12:35:20 blockbuffer value  38685715562987892159750248
2017/10/13 12:37:11 blockbuffer value  38685715992484621759750248
2017/10/13 12:39:03 blockbuffer value  38685716421981351359750248
2017/10/13 12:40:54 blockbuffer value  38685716851478080959750248
2017/10/13 12:42:46 blockbuffer value  38685717280974810559750248
2017/10/13 12:44:37 blockbuffer value  38685717710471540159750248
2017/10/13 12:46:29 blockbuffer value  38685718139968269759750248
2017/10/13 12:48:20 blockbuffer value  38685718569464999359750248
2017/10/13 12:50:11 blockbuffer value  38685718998961728959750248
2017/10/13 12:52:03 blockbuffer value  38685719428458458559750248
2017/10/13 12:53:54 blockbuffer value  38685719857955188159750248
2017/10/13 12:55:46 blockbuffer value  38685720287451917759750248
2017/10/13 12:57:37 blockbuffer value  38685720716948647359750248
2017/10/13 12:58:31 Found Block  [32 0 5 34 48 6 226 105 115 32 104]   [32 0 5 34 48 6 226 105 115 32 104]   a94ff320   a94ff320
2017/10/13 12:59:29 blockbuffer value  38685721146445376959750248
2017/10/13 13:01:20 blockbuffer value  38685721575942106559750248
2017/10/13 13:03:12 blockbuffer value  38685722005438836159750248
2017/10/13 13:05:03 blockbuffer value  38685722434935565759750248
2017/10/13 13:06:55 blockbuffer value  38685722864432295359750248
2017/10/13 13:08:46 blockbuffer value  38685723293929024959750248
2017/10/13 13:10:37 blockbuffer value  38685723723425754559750248
2017/10/13 13:12:29 blockbuffer value  38685724152922484159750248
2017/10/13 13:14:21 blockbuffer value  38685724582419213759750248
2017/10/13 13:16:12 blockbuffer value  38685725011915943359750248
2017/10/13 13:18:04 blockbuffer value  38685725441412672959750248
2017/10/13 13:19:55 blockbuffer value  38685725870909402559750248
2017/10/13 13:21:46 blockbuffer value  38685726300406132159750248
2017/10/13 13:23:37 blockbuffer value  38685726729902861759750248
2017/10/13 13:25:29 blockbuffer value  38685727159399591359750248
2017/10/13 13:27:20 blockbuffer value  38685727588896320959750248
2017/10/13 13:28:57 Found Block  [32 0 5 131 225 35 43 105 115 32 104]   [32 0 5 131 225 35 43 105 115 32 104]   a94ff320   a94ff320
2017/10/13 13:29:11 blockbuffer value  38685728018393050559750248
2017/10/13 13:31:03 blockbuffer value  38685728447889780159750248
2017/10/13 13:32:54 blockbuffer value  38685728877386509759750248
2017/10/13 13:34:46 blockbuffer value  38685729306883239359750248
2017/10/13 13:36:37 blockbuffer value  38685729736379968959750248
2017/10/13 13:38:29 blockbuffer value  38685730165876698559750248
2017/10/13 13:40:20 blockbuffer value  38685730595373428159750248
2017/10/13 13:42:11 blockbuffer value  38685731024870157759750248
2017/10/13 13:44:03 blockbuffer value  38685731454366887359750248
2017/10/13 13:45:54 blockbuffer value  38685731883863616959750248
2017/10/13 13:47:45 blockbuffer value  38685732313360346559750248
2017/10/13 13:49:37 blockbuffer value  38685732742857076159750248
2017/10/13 13:51:28 blockbuffer value  38685733172353805759750248
2017/10/13 13:53:20 blockbuffer value  38685733601850535359750248
2017/10/13 13:55:12 blockbuffer value  38685734031347264959750248
2017/10/13 13:57:03 blockbuffer value  38685734460843994559750248
2017/10/13 13:58:55 blockbuffer value  38685734890340724159750248
2017/10/13 14:00:46 blockbuffer value  38685735319837453759750248
2017/10/13 14:02:38 blockbuffer value  38685735749334183359750248
2017/10/13 14:04:29 blockbuffer value  38685736178830912959750248
2017/10/13 14:06:21 blockbuffer value  38685736608327642559750248
2017/10/13 14:08:12 blockbuffer value  38685737037824372159750248
2017/10/13 14:09:38 Found Block  [32 0 6 6 92 33 75 105 115 32 104]   [32 0 6 6 92 33 75 105 115 32 104]   a94ff320   a94ff320
2017/10/13 14:10:04 blockbuffer value  38685737467321101759750248
2017/10/13 14:11:56 blockbuffer value  38685737896817831359750248
2017/10/13 14:13:47 blockbuffer value  38685738326314560959750248
2017/10/13 14:15:38 blockbuffer value  38685738755811290559750248
2017/10/13 14:17:30 blockbuffer value  38685739185308020159750248
2017/10/13 14:19:21 blockbuffer value  38685739614804749759750248
2017/10/13 14:21:12 blockbuffer value  38685740044301479359750248
2017/10/13 14:23:04 Found Block  [32 0 6 49 120 70 117 105 115 32 104]   [32 0 6 49 120 70 117 105 115 32 104]   a94ff320   a94ff320
2017/10/13 14:23:04 blockbuffer value  38685740473798208959750248
2017/10/13 14:24:55 blockbuffer value  38685740903294938559750248
2017/10/13 14:26:47 blockbuffer value  38685741332791668159750248
2017/10/13 14:28:38 blockbuffer value  38685741762288397759750248
2017/10/13 14:30:30 blockbuffer value  38685742191785127359750248
2017/10/13 14:32:21 blockbuffer value  38685742621281856959750248
2017/10/13 14:34:13 blockbuffer value  38685743050778586559750248
2017/10/13 14:36:04 blockbuffer value  38685743480275316159750248
2017/10/13 14:37:56 blockbuffer value  38685743909772045759750248
2017/10/13 14:39:47 blockbuffer value  38685744339268775359750248
2017/10/13 14:41:38 blockbuffer value  38685744768765504959750248
2017/10/13 14:43:30 blockbuffer value  38685745198262234559750248
2017/10/13 14:45:21 blockbuffer value  38685745627758964159750248
2017/10/13 14:47:13 blockbuffer value  38685746057255693759750248
2017/10/13 14:49:04 blockbuffer value  38685746486752423359750248
2017/10/13 14:50:55 blockbuffer value  38685746916249152959750248
2017/10/13 14:52:25 Found Block  [32 0 6 143 182 6 217 105 115 32 104]   [32 0 6 143 182 6 217 105 115 32 104]   a94ff320   a94ff320
2017/10/13 14:52:46 blockbuffer value  38685747345745882559750248
2017/10/13 14:54:37 blockbuffer value  38685747775242612159750248
2017/10/13 14:56:29 blockbuffer value  38685748204739341759750248
2017/10/13 14:58:20 blockbuffer value  38685748634236071359750248
2017/10/13 15:00:12 blockbuffer value  38685749063732800959750248
2017/10/13 15:02:03 blockbuffer value  38685749493229530559750248
2017/10/13 15:03:55 blockbuffer value  38685749922726260159750248
2017/10/13 15:05:46 blockbuffer value  38685750352222989759750248
2017/10/13 15:07:38 blockbuffer value  38685750781719719359750248
2017/10/13 15:09:29 blockbuffer value  38685751211216448959750248
2017/10/13 15:11:20 blockbuffer value  38685751640713178559750248
2017/10/13 15:13:12 blockbuffer value  38685752070209908159750248
2017/10/13 15:15:03 blockbuffer value  38685752499706637759750248
2017/10/13 15:16:54 blockbuffer value  38685752929203367359750248
2017/10/13 15:18:46 blockbuffer value  38685753358700096959750248
2017/10/13 15:20:37 blockbuffer value  38685753788196826559750248
2017/10/13 15:22:28 blockbuffer value  38685754217693556159750248
2017/10/13 15:24:20 blockbuffer value  38685754647190285759750248
2017/10/13 15:26:11 blockbuffer value  38685755076687015359750248
2017/10/13 15:28:03 blockbuffer value  38685755506183744959750248
2017/10/13 15:29:54 blockbuffer value  38685755935680474559750248
2017/10/13 15:31:46 blockbuffer value  38685756365177204159750248
2017/10/13 15:33:37 blockbuffer value  38685756794673933759750248
2017/10/13 15:35:28 blockbuffer value  38685757224170663359750248
2017/10/13 15:37:20 blockbuffer value  38685757653667392959750248
2017/10/13 15:39:11 blockbuffer value  38685758083164122559750248
2017/10/13 15:41:03 blockbuffer value  38685758512660852159750248
2017/10/13 15:42:54 blockbuffer value  38685758942157581759750248
2017/10/13 15:44:46 blockbuffer value  38685759371654311359750248
2017/10/13 15:46:37 blockbuffer value  38685759801151040959750248
2017/10/13 15:47:17 Found Block  [32 0 7 63 218 190 37 105 115 32 104]   [32 0 7 63 218 190 37 105 115 32 104]   a94ff320   a94ff320
2017/10/13 15:48:29 blockbuffer value  38685760230647770559750248
2017/10/13 15:50:20 blockbuffer value  38685760660144500159750248
2017/10/13 15:52:11 blockbuffer value  38685761089641229759750248
2017/10/13 15:54:03 blockbuffer value  38685761519137959359750248
2017/10/13 15:55:54 blockbuffer value  38685761948634688959750248
2017/10/13 15:57:46 blockbuffer value  38685762378131418559750248
2017/10/13 15:59:37 blockbuffer value  38685762807628148159750248
2017/10/13 16:01:29 blockbuffer value  38685763237124877759750248
2017/10/13 16:01:36 Found Block  [32 0 7 109 200 223 60 105 115 32 104]   [32 0 7 109 200 223 60 105 115 32 104]   a94ff320   a94ff320
2017/10/13 16:03:20 blockbuffer value  38685763666621607359750248
2017/10/13 16:05:12 blockbuffer value  38685764096118336959750248
2017/10/13 16:07:03 blockbuffer value  38685764525615066559750248
2017/10/13 16:08:54 blockbuffer value  38685764955111796159750248
2017/10/13 16:10:46 blockbuffer value  38685765384608525759750248
2017/10/13 16:12:37 blockbuffer value  38685765814105255359750248
2017/10/13 16:14:29 blockbuffer value  38685766243601984959750248
2017/10/13 16:16:20 blockbuffer value  38685766673098714559750248
2017/10/13 16:18:11 blockbuffer value  38685767102595444159750248
2017/10/13 16:20:03 blockbuffer value  38685767532092173759750248
2017/10/13 16:21:54 blockbuffer value  38685767961588903359750248
2017/10/13 16:23:46 blockbuffer value  38685768391085632959750248
2017/10/13 16:25:37 blockbuffer value  38685768820582362559750248
2017/10/13 16:27:29 blockbuffer value  38685769250079092159750248
2017/10/13 16:29:20 blockbuffer value  38685769679575821759750248
2017/10/13 16:31:12 blockbuffer value  38685770109072551359750248
2017/10/13 16:33:03 blockbuffer value  38685770538569280959750248
2017/10/13 16:34:55 blockbuffer value  38685770968066010559750248
2017/10/13 16:36:47 blockbuffer value  38685771397562740159750248
2017/10/13 16:38:38 blockbuffer value  38685771827059469759750248
2017/10/13 16:40:30 blockbuffer value  38685772256556199359750248
2017/10/13 16:42:21 blockbuffer value  38685772686052928959750248
2017/10/13 16:44:13 blockbuffer value  38685773115549658559750248
2017/10/13 16:46:04 blockbuffer value  38685773545046388159750248
2017/10/13 16:47:56 blockbuffer value  38685773974543117759750248
2017/10/13 16:49:47 blockbuffer value  38685774404039847359750248
2017/10/13 16:51:39 blockbuffer value  38685774833536576959750248
2017/10/13 16:53:30 blockbuffer value  38685775263033306559750248
2017/10/13 16:55:22 blockbuffer value  38685775692530036159750248
2017/10/13 16:57:13 blockbuffer value  38685776122026765759750248
2017/10/13 16:59:05 blockbuffer value  38685776551523495359750248
2017/10/13 17:00:56 blockbuffer value  38685776981020224959750248
2017/10/13 17:02:48 blockbuffer value  38685777410516954559750248
2017/10/13 17:04:39 blockbuffer value  38685777840013684159750248
2017/10/13 17:06:31 blockbuffer value  38685778269510413759750248
2017/10/13 17:08:22 blockbuffer value  38685778699007143359750248
2017/10/13 17:10:14 blockbuffer value  38685779128503872959750248
2017/10/13 17:12:05 blockbuffer value  38685779558000602559750248
2017/10/13 17:13:57 blockbuffer value  38685779987497332159750248
2017/10/13 17:15:48 blockbuffer value  38685780416994061759750248
2017/10/13 17:17:39 blockbuffer value  38685780846490791359750248
2017/10/13 17:19:31 blockbuffer value  38685781275987520959750248
2017/10/13 17:21:22 blockbuffer value  38685781705484250559750248
2017/10/13 17:23:14 blockbuffer value  38685782134980980159750248
2017/10/13 17:24:46 Found Block  [32 0 8 120 142 21 123 105 115 32 104]   [32 0 8 120 142 21 123 105 115 32 104]   a94ff320   a94ff320
2017/10/13 17:25:05 blockbuffer value  38685782564477709759750248
2017/10/13 17:26:57 blockbuffer value  38685782993974439359750248
2017/10/13 17:28:48 blockbuffer value  38685783423471168959750248
2017/10/13 17:30:40 blockbuffer value  38685783852967898559750248
2017/10/13 17:32:31 blockbuffer value  38685784282464628159750248
2017/10/13 17:34:23 blockbuffer value  38685784711961357759750248
2017/10/13 17:36:14 blockbuffer value  38685785141458087359750248
2017/10/13 17:38:06 blockbuffer value  38685785570954816959750248
2017/10/13 17:39:57 blockbuffer value  38685786000451546559750248
2017/10/13 17:41:49 blockbuffer value  38685786429948276159750248
2017/10/13 17:43:40 blockbuffer value  38685786859445005759750248
2017/10/13 17:45:02 Found Block  [32 0 8 185 141 197 177 105 115 32 104]   [32 0 8 185 141 197 177 105 115 32 104]   a94ff320   a94ff320
2017/10/13 17:45:32 blockbuffer value  38685787288941735359750248
2017/10/13 17:47:23 blockbuffer value  38685787718438464959750248
2017/10/13 17:49:15 blockbuffer value  38685788147935194559750248
2017/10/13 17:51:06 blockbuffer value  38685788577431924159750248
2017/10/13 17:52:58 blockbuffer value  38685789006928653759750248
2017/10/13 17:54:49 blockbuffer value  38685789436425383359750248
2017/10/13 17:56:41 blockbuffer value  38685789865922112959750248
2017/10/13 17:58:32 blockbuffer value  38685790295418842559750248
2017/10/13 18:00:23 blockbuffer value  38685790724915572159750248
2017/10/13 18:02:15 blockbuffer value  38685791154412301759750248
2017/10/13 18:04:06 blockbuffer value  38685791583909031359750248
2017/10/13 18:05:58 blockbuffer value  38685792013405760959750248
2017/10/13 18:07:49 blockbuffer value  38685792442902490559750248
2017/10/13 18:09:41 blockbuffer value  38685792872399220159750248
2017/10/13 18:11:32 blockbuffer value  38685793301895949759750248
2017/10/13 18:13:24 blockbuffer value  38685793731392679359750248
2017/10/13 18:15:15 blockbuffer value  38685794160889408959750248
2017/10/13 18:17:07 blockbuffer value  38685794590386138559750248
2017/10/13 18:18:58 blockbuffer value  38685795019882868159750248
2017/10/13 18:20:49 blockbuffer value  38685795449379597759750248
2017/10/13 18:22:41 blockbuffer value  38685795878876327359750248
2017/10/13 18:24:32 blockbuffer value  38685796308373056959750248
2017/10/13 18:26:24 blockbuffer value  38685796737869786559750248
2017/10/13 18:28:15 blockbuffer value  38685797167366516159750248
2017/10/13 18:30:07 blockbuffer value  38685797596863245759750248
2017/10/13 18:31:58 blockbuffer value  38685798026359975359750248
2017/10/13 18:33:50 blockbuffer value  38685798455856704959750248
2017/10/13 18:35:41 blockbuffer value  38685798885353434559750248
2017/10/13 18:37:33 blockbuffer value  38685799314850164159750248
2017/10/13 18:39:24 blockbuffer value  38685799744346893759750248
2017/10/13 18:41:16 blockbuffer value  38685800173843623359750248
2017/10/13 18:43:07 blockbuffer value  38685800603340352959750248
2017/10/13 18:44:59 blockbuffer value  38685801032837082559750248
2017/10/13 18:46:50 blockbuffer value  38685801462333812159750248
2017/10/13 18:48:41 blockbuffer value  38685801891830541759750248
2017/10/13 18:50:33 blockbuffer value  38685802321327271359750248
2017/10/13 18:52:24 blockbuffer value  38685802750824000959750248
2017/10/13 18:54:15 blockbuffer value  38685803180320730559750248
2017/10/13 18:56:06 blockbuffer value  38685803609817460159750248
2017/10/13 18:57:58 blockbuffer value  38685804039314189759750248
2017/10/13 18:59:49 blockbuffer value  38685804468810919359750248
2017/10/13 19:01:41 blockbuffer value  38685804898307648959750248
2017/10/13 19:03:32 blockbuffer value  38685805327804378559750248
2017/10/13 19:05:24 blockbuffer value  38685805757301108159750248
2017/10/13 19:07:15 blockbuffer value  38685806186797837759750248
2017/10/13 19:09:06 blockbuffer value  38685806616294567359750248
2017/10/13 19:10:58 blockbuffer value  38685807045791296959750248
2017/10/13 19:12:49 blockbuffer value  38685807475288026559750248
2017/10/13 19:14:41 blockbuffer value  38685807904784756159750248
2017/10/13 19:16:32 blockbuffer value  38685808334281485759750248
2017/10/13 19:18:24 blockbuffer value  38685808763778215359750248
2017/10/13 19:20:15 blockbuffer value  38685809193274944959750248
2017/10/13 19:22:07 blockbuffer value  38685809622771674559750248
2017/10/13 19:22:33 Found Block  [32 0 9 242 131 131 59 105 115 32 104]   [32 0 9 242 131 131 59 105 115 32 104]   a94ff320   a94ff320
2017/10/13 19:23:58 blockbuffer value  38685810052268404159750248
2017/10/13 19:25:50 blockbuffer value  38685810481765133759750248
2017/10/13 19:27:41 blockbuffer value  38685810911261863359750248
2017/10/13 19:29:33 blockbuffer value  38685811340758592959750248
2017/10/13 19:31:24 blockbuffer value  38685811770255322559750248
2017/10/13 19:33:15 blockbuffer value  38685812199752052159750248
2017/10/13 19:35:07 blockbuffer value  38685812629248781759750248
2017/10/13 19:36:44 Found Block  [32 0 10 32 6 203 89 105 115 32 104]   [32 0 10 32 6 203 89 105 115 32 104]   a94ff320   a94ff320
2017/10/13 19:36:58 blockbuffer value  38685813058745511359750248
2017/10/13 19:38:50 blockbuffer value  38685813488242240959750248
2017/10/13 19:40:41 blockbuffer value  38685813917738970559750248
2017/10/13 19:42:32 blockbuffer value  38685814347235700159750248
2017/10/13 19:44:24 blockbuffer value  38685814776732429759750248
2017/10/13 19:46:15 blockbuffer value  38685815206229159359750248
2017/10/13 19:48:07 blockbuffer value  38685815635725888959750248
2017/10/13 19:49:58 blockbuffer value  38685816065222618559750248
2017/10/13 19:51:50 blockbuffer value  38685816494719348159750248
2017/10/13 19:53:41 blockbuffer value  38685816924216077759750248
2017/10/13 19:55:33 blockbuffer value  38685817353712807359750248
2017/10/13 19:57:24 blockbuffer value  38685817783209536959750248
2017/10/13 19:59:15 blockbuffer value  38685818212706266559750248
2017/10/13 20:01:07 blockbuffer value  38685818642202996159750248
2017/10/13 20:02:58 blockbuffer value  38685819071699725759750248
2017/10/13 20:04:50 blockbuffer value  38685819501196455359750248
2017/10/13 20:06:41 blockbuffer value  38685819930693184959750248
2017/10/13 20:08:32 blockbuffer value  38685820360189914559750248
2017/10/13 20:08:58 Found Block  [32 0 10 135 127 136 93 105 115 32 104]   [32 0 10 135 127 136 93 105 115 32 104]   a94ff320   a94ff320
2017/10/13 20:10:24 blockbuffer value  38685820789686644159750248
2017/10/13 20:12:15 blockbuffer value  38685821219183373759750248
2017/10/13 20:14:07 blockbuffer value  38685821648680103359750248
2017/10/13 20:15:58 blockbuffer value  38685822078176832959750248
2017/10/13 20:17:50 blockbuffer value  38685822507673562559750248
2017/10/13 20:19:41 blockbuffer value  38685822937170292159750248
2017/10/13 20:21:33 blockbuffer value  38685823366667021759750248
2017/10/13 20:23:24 blockbuffer value  38685823796163751359750248
2017/10/13 20:25:16 blockbuffer value  38685824225660480959750248
2017/10/13 20:27:08 blockbuffer value  38685824655157210559750248
2017/10/13 20:28:59 blockbuffer value  38685825084653940159750248
2017/10/13 20:30:51 blockbuffer value  38685825514150669759750248
2017/10/13 20:31:10 Found Block  [32 0 10 206 181 89 193 105 115 32 104]   [32 0 10 206 181 89 193 105 115 32 104]   a94ff320   a94ff320
2017/10/13 20:32:42 blockbuffer value  38685825943647399359750248
2017/10/13 20:34:34 blockbuffer value  38685826373144128959750248
2017/10/13 20:36:25 blockbuffer value  38685826802640858559750248
2017/10/13 20:38:17 blockbuffer value  38685827232137588159750248
2017/10/13 20:40:08 blockbuffer value  38685827661634317759750248
2017/10/13 20:42:00 blockbuffer value  38685828091131047359750248
2017/10/13 20:43:51 blockbuffer value  38685828520627776959750248
2017/10/13 20:45:43 blockbuffer value  38685828950124506559750248
2017/10/13 20:47:34 blockbuffer value  38685829379621236159750248
2017/10/13 20:49:26 blockbuffer value  38685829809117965759750248
2017/10/13 20:51:17 blockbuffer value  38685830238614695359750248
2017/10/13 20:53:09 blockbuffer value  38685830668111424959750248
2017/10/13 20:55:00 blockbuffer value  38685831097608154559750248
2017/10/13 20:56:52 blockbuffer value  38685831527104884159750248
2017/10/13 20:58:44 blockbuffer value  38685831956601613759750248
2017/10/13 21:00:35 blockbuffer value  38685832386098343359750248
2017/10/13 21:02:26 blockbuffer value  38685832815595072959750248
2017/10/13 21:04:18 blockbuffer value  38685833245091802559750248
2017/10/13 21:06:09 blockbuffer value  38685833674588532159750248
2017/10/13 21:08:01 blockbuffer value  38685834104085261759750248
2017/10/13 21:09:52 blockbuffer value  38685834533581991359750248
2017/10/13 21:11:44 blockbuffer value  38685834963078720959750248
2017/10/13 21:13:35 blockbuffer value  38685835392575450559750248
2017/10/13 21:15:26 blockbuffer value  38685835822072180159750248
2017/10/13 21:17:18 blockbuffer value  38685836251568909759750248
2017/10/13 21:19:09 blockbuffer value  38685836681065639359750248
2017/10/13 21:21:01 blockbuffer value  38685837110562368959750248
2017/10/13 21:22:52 blockbuffer value  38685837540059098559750248
2017/10/13 21:24:44 blockbuffer value  38685837969555828159750248
2017/10/13 21:26:35 blockbuffer value  38685838399052557759750248
2017/10/13 21:28:27 blockbuffer value  38685838828549287359750248
2017/10/13 21:30:18 blockbuffer value  38685839258046016959750248
2017/10/13 21:32:10 blockbuffer value  38685839687542746559750248
2017/10/13 21:34:01 blockbuffer value  38685840117039476159750248
2017/10/13 21:35:53 blockbuffer value  38685840546536205759750248
2017/10/13 21:37:45 blockbuffer value  38685840976032935359750248
2017/10/13 21:39:36 blockbuffer value  38685841405529664959750248
2017/10/13 21:41:28 blockbuffer value  38685841835026394559750248
2017/10/13 21:43:19 blockbuffer value  38685842264523124159750248
2017/10/13 21:45:11 blockbuffer value  38685842694019853759750248
2017/10/13 21:47:02 blockbuffer value  38685843123516583359750248
2017/10/13 21:48:54 blockbuffer value  38685843553013312959750248
2017/10/13 21:50:45 blockbuffer value  38685843982510042559750248
2017/10/13 21:52:37 blockbuffer value  38685844412006772159750248
2017/10/13 21:54:28 blockbuffer value  38685844841503501759750248
2017/10/13 21:56:20 blockbuffer value  38685845271000231359750248
2017/10/13 21:58:11 blockbuffer value  38685845700496960959750248
2017/10/13 22:00:02 blockbuffer value  38685846129993690559750248
2017/10/13 22:01:54 blockbuffer value  38685846559490420159750248
2017/10/13 22:03:46 blockbuffer value  38685846988987149759750248
2017/10/13 22:05:37 blockbuffer value  38685847418483879359750248
2017/10/13 22:07:28 blockbuffer value  38685847847980608959750248
2017/10/13 22:09:20 blockbuffer value  38685848277477338559750248
2017/10/13 22:11:11 blockbuffer value  38685848706974068159750248
2017/10/13 22:13:02 blockbuffer value  38685849136470797759750248
2017/10/13 22:14:54 blockbuffer value  38685849565967527359750248
2017/10/13 22:16:45 blockbuffer value  38685849995464256959750248
2017/10/13 22:18:37 blockbuffer value  38685850424960986559750248
2017/10/13 22:20:28 blockbuffer value  38685850854457716159750248
2017/10/13 22:22:20 blockbuffer value  38685851283954445759750248
2017/10/13 22:24:11 blockbuffer value  38685851713451175359750248
2017/10/13 22:26:03 blockbuffer value  38685852142947904959750248
2017/10/13 22:27:54 blockbuffer value  38685852572444634559750248
2017/10/13 22:29:46 blockbuffer value  38685853001941364159750248
2017/10/13 22:31:38 blockbuffer value  38685853431438093759750248
2017/10/13 22:33:29 blockbuffer value  38685853860934823359750248
2017/10/13 22:35:21 blockbuffer value  38685854290431552959750248
2017/10/13 22:37:12 blockbuffer value  38685854719928282559750248
2017/10/13 22:39:03 blockbuffer value  38685855149425012159750248
2017/10/13 22:40:55 blockbuffer value  38685855578921741759750248
2017/10/13 22:42:46 blockbuffer value  38685856008418471359750248
2017/10/13 22:44:38 blockbuffer value  38685856437915200959750248
2017/10/13 22:46:29 blockbuffer value  38685856867411930559750248
2017/10/13 22:48:21 blockbuffer value  38685857296908660159750248
2017/10/13 22:48:28 Found Block  [32 0 12 135 38 41 249 105 115 32 104]   [32 0 12 135 38 41 249 105 115 32 104]   a94ff320   a94ff320
2017/10/13 22:50:12 blockbuffer value  38685857726405389759750248
2017/10/13 22:52:03 blockbuffer value  38685858155902119359750248
2017/10/13 22:53:55 blockbuffer value  38685858585398848959750248
2017/10/13 22:55:46 blockbuffer value  38685859014895578559750248
2017/10/13 22:57:38 blockbuffer value  38685859444392308159750248
2017/10/13 22:59:29 blockbuffer value  38685859873889037759750248
2017/10/13 23:01:20 blockbuffer value  38685860303385767359750248
2017/10/13 23:03:12 blockbuffer value  38685860732882496959750248
2017/10/13 23:05:04 blockbuffer value  38685861162379226559750248
2017/10/13 23:06:55 blockbuffer value  38685861591875956159750248
2017/10/13 23:08:47 blockbuffer value  38685862021372685759750248
2017/10/13 23:10:38 blockbuffer value  38685862450869415359750248
2017/10/13 23:12:29 blockbuffer value  38685862880366144959750248
2017/10/13 23:14:21 blockbuffer value  38685863309862874559750248
2017/10/13 23:14:28 Found Block  [32 0 12 218 143 208 118 105 115 32 104]   [32 0 12 218 143 208 118 105 115 32 104]   a94ff320   a94ff320
2017/10/13 23:16:12 blockbuffer value  38685863739359604159750248
2017/10/13 23:18:04 blockbuffer value  38685864168856333759750248
2017/10/13 23:19:55 blockbuffer value  38685864598353063359750248
2017/10/13 23:21:47 blockbuffer value  38685865027849792959750248
2017/10/13 23:23:38 blockbuffer value  38685865457346522559750248
2017/10/13 23:25:29 blockbuffer value  38685865886843252159750248
2017/10/13 23:27:21 blockbuffer value  38685866316339981759750248
2017/10/13 23:29:12 blockbuffer value  38685866745836711359750248
2017/10/13 23:31:04 blockbuffer value  38685867175333440959750248
2017/10/13 23:31:48 Found Block  [32 0 13 18 48 147 78 105 115 32 104]   [32 0 13 18 48 147 78 105 115 32 104]   a94ff320   a94ff320
2017/10/13 23:32:55 blockbuffer value  38685867604830170559750248
2017/10/13 23:34:47 blockbuffer value  38685868034326900159750248
2017/10/13 23:36:38 blockbuffer value  38685868463823629759750248
2017/10/13 23:38:29 blockbuffer value  38685868893320359359750248
2017/10/13 23:40:21 blockbuffer value  38685869322817088959750248
2017/10/13 23:42:12 blockbuffer value  38685869752313818559750248
2017/10/13 23:44:04 blockbuffer value  38685870181810548159750248
2017/10/13 23:45:55 blockbuffer value  38685870611307277759750248
2017/10/13 23:47:46 blockbuffer value  38685871040804007359750248
2017/10/13 23:49:38 blockbuffer value  38685871470300736959750248
2017/10/13 23:51:29 blockbuffer value  38685871899797466559750248
2017/10/13 23:53:21 blockbuffer value  38685872329294196159750248
2017/10/13 23:55:12 blockbuffer value  38685872758790925759750248
2017/10/13 23:57:04 blockbuffer value  38685873188287655359750248
2017/10/13 23:58:55 blockbuffer value  38685873617784384959750248
2017/10/14 00:00:46 blockbuffer value  38685874047281114559750248
2017/10/14 00:02:38 blockbuffer value  38685874476777844159750248
2017/10/14 00:04:29 blockbuffer value  38685874906274573759750248
2017/10/14 00:06:21 blockbuffer value  38685875335771303359750248
2017/10/14 00:08:12 blockbuffer value  38685875765268032959750248
2017/10/14 00:10:04 blockbuffer value  38685876194764762559750248
2017/10/14 00:11:55 blockbuffer value  38685876624261492159750248
2017/10/14 00:13:47 blockbuffer value  38685877053758221759750248
2017/10/14 00:15:39 blockbuffer value  38685877483254951359750248
2017/10/14 00:17:30 blockbuffer value  38685877912751680959750248
2017/10/14 00:19:21 blockbuffer value  38685878342248410559750248
2017/10/14 00:21:13 blockbuffer value  38685878771745140159750248
2017/10/14 00:23:04 blockbuffer value  38685879201241869759750248
2017/10/14 00:24:55 blockbuffer value  38685879630738599359750248
2017/10/14 00:26:47 blockbuffer value  38685880060235328959750248
2017/10/14 00:28:38 blockbuffer value  38685880489732058559750248
2017/10/14 00:30:29 blockbuffer value  38685880919228788159750248
2017/10/14 00:32:21 blockbuffer value  38685881348725517759750248
2017/10/14 00:34:12 blockbuffer value  38685881778222247359750248
2017/10/14 00:36:03 blockbuffer value  38685882207718976959750248
2017/10/14 00:37:55 blockbuffer value  38685882637215706559750248
2017/10/14 00:39:46 blockbuffer value  38685883066712436159750248
2017/10/14 00:41:38 blockbuffer value  38685883496209165759750248
2017/10/14 00:43:29 blockbuffer value  38685883925705895359750248
2017/10/14 00:44:27 Found Block  [32 0 13 251 92 77 123 105 115 32 104]   [32 0 13 251 92 77 123 105 115 32 104]   a94ff320   a94ff320
2017/10/14 00:45:21 blockbuffer value  38685884355202624959750248
2017/10/14 00:47:12 blockbuffer value  38685884784699354559750248
2017/10/14 00:49:04 blockbuffer value  38685885214196084159750248
2017/10/14 00:50:55 blockbuffer value  38685885643692813759750248
2017/10/14 00:52:47 blockbuffer value  38685886073189543359750248
2017/10/14 00:54:39 blockbuffer value  38685886502686272959750248
2017/10/14 00:56:30 blockbuffer value  38685886932183002559750248
2017/10/14 00:58:22 blockbuffer value  38685887361679732159750248
2017/10/14 01:00:14 blockbuffer value  38685887791176461759750248
2017/10/14 01:02:06 blockbuffer value  38685888220673191359750248
2017/10/14 01:03:57 blockbuffer value  38685888650169920959750248
2017/10/14 01:05:30 Found Block  [32 0 14 62 219 179 180 105 115 32 104]   [32 0 14 62 219 179 180 105 115 32 104]   a94ff320   a94ff320
2017/10/14 01:05:48 blockbuffer value  38685889079666650559750248
2017/10/14 01:07:38 blockbuffer value  38685889509163380159750248
2017/10/14 01:09:29 blockbuffer value  38685889938660109759750248
2017/10/14 01:11:20 blockbuffer value  38685890368156839359750248
2017/10/14 01:13:11 blockbuffer value  38685890797653568959750248
2017/10/14 01:15:01 blockbuffer value  38685891227150298559750248
2017/10/14 01:16:52 blockbuffer value  38685891656647028159750248
