2017/10/12 01:49:37 Starting decoder4
2017/10/12 01:49:37 modulo bigint 16777216
2017/10/12 01:49:37 modulo floor  35184372088832  ceil  70368744177664
2017/10/12 01:49:37 modulo remainder  6842739
2017/10/12 01:49:38 blockbuffer value  16777222842739
2017/10/12 01:49:39 blockbuffer value  33554438842739
2017/10/12 01:49:40 Found Block  [35 32 84 104 105 115]   [35 32 84 104 105 115]
2017/10/12 01:49:40 Total time  2.366352889s
2017/10/12 01:49:40 Starting decoder4
2017/10/12 01:49:40 modulo bigint 16777216
2017/10/12 01:49:40 modulo floor  35184372088832  ceil  70368744177664
2017/10/12 01:49:40 modulo remainder  7169312
2017/10/12 01:49:41 blockbuffer value  16777223169312
2017/10/12 01:49:42 blockbuffer value  33554439169312
2017/10/12 01:49:42 Found Block  [32 110 97 109 101 32]   [32 110 97 109 101 32]
2017/10/12 01:49:42 Total time  2.171706747s
2017/10/12 03:40:52 Starting decoder4
2017/10/12 03:40:52 modulo bigint 16777216
2017/10/12 03:40:52 modulo floor  35184372088832  ceil  70368744177664
2017/10/12 03:40:52 modulo remainder  6842739
2017/10/12 03:40:53 blockbuffer value  16777222842739
2017/10/12 03:40:54 blockbuffer value  33554438842739
2017/10/12 03:40:54 Found Block  [35 32 84 104 105 115]   [35 32 84 104 105 115]
2017/10/12 03:40:54 Total time  2.374073003s
2017/10/12 03:40:54 Starting decoder4
2017/10/12 03:40:54 modulo bigint 16777216
2017/10/12 03:40:54 modulo floor  35184372088832  ceil  70368744177664
2017/10/12 03:40:54 modulo remainder  7169312
2017/10/12 03:40:55 blockbuffer value  16777223169312
2017/10/12 03:40:56 blockbuffer value  33554439169312
2017/10/12 03:40:56 Found Block  [32 110 97 109 101 32]   [32 110 97 109 101 32]
2017/10/12 03:40:56 Total time  2.204587654s
