2017/10/12 02:42:50 Starting decoder6
2017/10/12 02:42:50 file blocksize  25
2017/10/12 02:42:50 modulo bitsize  40
2017/10/12 02:42:50 modulo bigint 1099511627776
2017/10/12 02:42:50 modulo floor  197   200867255532373784442745261542645325315275374222849104412672  ceil  401734511064747568885490523085290650630550748445698208825344
2017/10/12 02:42:50 modulo floor equals zero  0   0
2017/10/12 02:42:50 modulo floor equals zero setting  200867255532373784442745261542645325315275374222849104412672   200867255532373784442745261542645325315275374222849104412672
2017/10/12 02:42:50 modulo floor  200867255532373784442745261542645325315275374222849104412672
2017/10/12 02:42:50 modulo i  1099511627776
2017/10/12 02:42:50 modulo remainder  200867255532373784442745261542645325315275374222849104412672
2017/10/12 02:42:50 modulo remainder  498760707872
2017/10/12 02:42:50 modulo modstart  200867255532373784442745261542645325315275374223347865120544
2017/10/12 02:44:49 blockbuffer value  200867255532373784442745261542645325315385325386125465120544
2017/10/12 02:46:47 blockbuffer value  200867255532373784442745261542645325315495276548903065120544
2017/10/12 02:48:46 blockbuffer value  200867255532373784442745261542645325315605227711680665120544
2017/10/12 02:50:44 blockbuffer value  200867255532373784442745261542645325315715178874458265120544
2017/10/12 02:52:43 blockbuffer value  200867255532373784442745261542645325315825130037235865120544
2017/10/12 02:54:42 blockbuffer value  200867255532373784442745261542645325315935081200013465120544
2017/10/12 02:56:40 blockbuffer value  200867255532373784442745261542645325316045032362791065120544
2017/10/12 02:58:37 blockbuffer value  200867255532373784442745261542645325316154983525568665120544
2017/10/12 03:00:35 blockbuffer value  200867255532373784442745261542645325316264934688346265120544
2017/10/12 03:02:34 blockbuffer value  200867255532373784442745261542645325316374885851123865120544
2017/10/12 03:04:31 blockbuffer value  200867255532373784442745261542645325316484837013901465120544
2017/10/12 03:06:29 blockbuffer value  200867255532373784442745261542645325316594788176679065120544
2017/10/12 03:08:27 blockbuffer value  200867255532373784442745261542645325316704739339456665120544
2017/10/12 03:10:25 blockbuffer value  200867255532373784442745261542645325316814690502234265120544
2017/10/12 03:12:24 blockbuffer value  200867255532373784442745261542645325316924641665011865120544
2017/10/12 03:14:22 blockbuffer value  200867255532373784442745261542645325317034592827789465120544
2017/10/12 03:16:21 blockbuffer value  200867255532373784442745261542645325317144543990567065120544
2017/10/12 03:18:19 blockbuffer value  200867255532373784442745261542645325317254495153344665120544
2017/10/12 03:20:17 blockbuffer value  200867255532373784442745261542645325317364446316122265120544
2017/10/12 03:22:15 blockbuffer value  200867255532373784442745261542645325317474397478899865120544
2017/10/12 03:24:13 blockbuffer value  200867255532373784442745261542645325317584348641677465120544
2017/10/12 03:26:11 blockbuffer value  200867255532373784442745261542645325317694299804455065120544
2017/10/12 03:28:09 blockbuffer value  200867255532373784442745261542645325317804250967232665120544
2017/10/12 03:30:07 blockbuffer value  200867255532373784442745261542645325317914202130010265120544
2017/10/12 03:32:05 blockbuffer value  200867255532373784442745261542645325318024153292787865120544
2017/10/12 03:34:03 blockbuffer value  200867255532373784442745261542645325318134104455565465120544
2017/10/12 03:36:01 blockbuffer value  200867255532373784442745261542645325318244055618343065120544
2017/10/12 03:37:59 blockbuffer value  200867255532373784442745261542645325318354006781120665120544
2017/10/12 03:39:56 blockbuffer value  200867255532373784442745261542645325318463957943898265120544
2017/10/12 03:41:55 blockbuffer value  200867255532373784442745261542645325318573909106675865120544
2017/10/12 03:43:54 blockbuffer value  200867255532373784442745261542645325318683860269453465120544
2017/10/12 03:45:53 blockbuffer value  200867255532373784442745261542645325318793811432231065120544
2017/10/12 03:47:52 blockbuffer value  200867255532373784442745261542645325318903762595008665120544
2017/10/12 03:49:51 blockbuffer value  200867255532373784442745261542645325319013713757786265120544
2017/10/12 03:51:51 blockbuffer value  200867255532373784442745261542645325319123664920563865120544
2017/10/12 03:53:50 blockbuffer value  200867255532373784442745261542645325319233616083341465120544
2017/10/12 03:55:49 blockbuffer value  200867255532373784442745261542645325319343567246119065120544
2017/10/12 03:57:48 blockbuffer value  200867255532373784442745261542645325319453518408896665120544
2017/10/12 03:59:47 blockbuffer value  200867255532373784442745261542645325319563469571674265120544
2017/10/12 04:01:46 blockbuffer value  200867255532373784442745261542645325319673420734451865120544
2017/10/12 04:03:44 blockbuffer value  200867255532373784442745261542645325319783371897229465120544
2017/10/12 04:05:42 blockbuffer value  200867255532373784442745261542645325319893323060007065120544
2017/10/12 04:07:40 blockbuffer value  200867255532373784442745261542645325320003274222784665120544
2017/10/12 04:09:38 blockbuffer value  200867255532373784442745261542645325320113225385562265120544
2017/10/12 04:11:36 blockbuffer value  200867255532373784442745261542645325320223176548339865120544
2017/10/12 04:13:34 blockbuffer value  200867255532373784442745261542645325320333127711117465120544
2017/10/12 04:15:32 blockbuffer value  200867255532373784442745261542645325320443078873895065120544
2017/10/12 04:17:30 blockbuffer value  200867255532373784442745261542645325320553030036672665120544
2017/10/12 04:19:29 blockbuffer value  200867255532373784442745261542645325320662981199450265120544
2017/10/12 04:21:27 blockbuffer value  200867255532373784442745261542645325320772932362227865120544
2017/10/12 04:23:26 blockbuffer value  200867255532373784442745261542645325320882883525005465120544
2017/10/12 04:25:24 blockbuffer value  200867255532373784442745261542645325320992834687783065120544
2017/10/12 04:27:23 blockbuffer value  200867255532373784442745261542645325321102785850560665120544
2017/10/12 04:29:21 blockbuffer value  200867255532373784442745261542645325321212737013338265120544
2017/10/12 04:31:20 blockbuffer value  200867255532373784442745261542645325321322688176115865120544
2017/10/12 04:33:19 blockbuffer value  200867255532373784442745261542645325321432639338893465120544
2017/10/12 04:35:17 blockbuffer value  200867255532373784442745261542645325321542590501671065120544
2017/10/12 04:37:15 blockbuffer value  200867255532373784442745261542645325321652541664448665120544
2017/10/12 04:39:14 blockbuffer value  200867255532373784442745261542645325321762492827226265120544
2017/10/12 04:41:13 blockbuffer value  200867255532373784442745261542645325321872443990003865120544
2017/10/12 04:43:12 blockbuffer value  200867255532373784442745261542645325321982395152781465120544
2017/10/12 04:45:11 blockbuffer value  200867255532373784442745261542645325322092346315559065120544
2017/10/12 04:47:09 blockbuffer value  200867255532373784442745261542645325322202297478336665120544
2017/10/12 04:49:08 blockbuffer value  200867255532373784442745261542645325322312248641114265120544
2017/10/12 04:51:07 blockbuffer value  200867255532373784442745261542645325322422199803891865120544
2017/10/12 04:53:06 blockbuffer value  200867255532373784442745261542645325322532150966669465120544
2017/10/12 04:55:05 blockbuffer value  200867255532373784442745261542645325322642102129447065120544
2017/10/12 04:57:04 blockbuffer value  200867255532373784442745261542645325322752053292224665120544
2017/10/12 04:59:02 blockbuffer value  200867255532373784442745261542645325322862004455002265120544
2017/10/12 05:01:00 blockbuffer value  200867255532373784442745261542645325322971955617779865120544
2017/10/12 05:02:58 blockbuffer value  200867255532373784442745261542645325323081906780557465120544
2017/10/12 05:04:56 blockbuffer value  200867255532373784442745261542645325323191857943335065120544
2017/10/12 05:06:54 blockbuffer value  200867255532373784442745261542645325323301809106112665120544
2017/10/12 05:08:52 blockbuffer value  200867255532373784442745261542645325323411760268890265120544
2017/10/12 05:10:50 blockbuffer value  200867255532373784442745261542645325323521711431667865120544
2017/10/12 05:12:48 blockbuffer value  200867255532373784442745261542645325323631662594445465120544
2017/10/12 05:14:46 blockbuffer value  200867255532373784442745261542645325323741613757223065120544
2017/10/12 05:16:44 blockbuffer value  200867255532373784442745261542645325323851564920000665120544
2017/10/12 05:18:42 blockbuffer value  200867255532373784442745261542645325323961516082778265120544
2017/10/12 05:20:40 blockbuffer value  200867255532373784442745261542645325324071467245555865120544
2017/10/12 05:22:37 blockbuffer value  200867255532373784442745261542645325324181418408333465120544
2017/10/12 05:24:36 blockbuffer value  200867255532373784442745261542645325324291369571111065120544
2017/10/12 05:26:34 blockbuffer value  200867255532373784442745261542645325324401320733888665120544
2017/10/12 05:28:32 blockbuffer value  200867255532373784442745261542645325324511271896666265120544
2017/10/12 05:30:30 blockbuffer value  200867255532373784442745261542645325324621223059443865120544
2017/10/12 05:32:28 blockbuffer value  200867255532373784442745261542645325324731174222221465120544
2017/10/12 05:34:26 blockbuffer value  200867255532373784442745261542645325324841125384999065120544
2017/10/12 05:36:24 blockbuffer value  200867255532373784442745261542645325324951076547776665120544
2017/10/12 05:38:22 blockbuffer value  200867255532373784442745261542645325325061027710554265120544
2017/10/12 05:40:20 blockbuffer value  200867255532373784442745261542645325325170978873331865120544
2017/10/12 05:42:18 blockbuffer value  200867255532373784442745261542645325325280930036109465120544
2017/10/12 05:44:16 blockbuffer value  200867255532373784442745261542645325325390881198887065120544
2017/10/12 05:46:14 blockbuffer value  200867255532373784442745261542645325325500832361664665120544
2017/10/12 05:48:11 blockbuffer value  200867255532373784442745261542645325325610783524442265120544
2017/10/12 05:50:09 blockbuffer value  200867255532373784442745261542645325325720734687219865120544
2017/10/12 05:52:08 blockbuffer value  200867255532373784442745261542645325325830685849997465120544
2017/10/12 05:54:06 blockbuffer value  200867255532373784442745261542645325325940637012775065120544
2017/10/12 05:56:03 blockbuffer value  200867255532373784442745261542645325326050588175552665120544
2017/10/12 05:58:01 blockbuffer value  200867255532373784442745261542645325326160539338330265120544
2017/10/12 05:59:59 blockbuffer value  200867255532373784442745261542645325326270490501107865120544
2017/10/12 06:01:57 blockbuffer value  200867255532373784442745261542645325326380441663885465120544
2017/10/12 06:03:56 blockbuffer value  200867255532373784442745261542645325326490392826663065120544
2017/10/12 06:05:53 blockbuffer value  200867255532373784442745261542645325326600343989440665120544
2017/10/12 06:07:52 blockbuffer value  200867255532373784442745261542645325326710295152218265120544
2017/10/12 06:09:51 blockbuffer value  200867255532373784442745261542645325326820246314995865120544
2017/10/12 06:11:49 blockbuffer value  200867255532373784442745261542645325326930197477773465120544
2017/10/12 06:13:48 blockbuffer value  200867255532373784442745261542645325327040148640551065120544
2017/10/12 06:15:46 blockbuffer value  200867255532373784442745261542645325327150099803328665120544
2017/10/12 06:17:44 blockbuffer value  200867255532373784442745261542645325327260050966106265120544
2017/10/12 06:19:41 blockbuffer value  200867255532373784442745261542645325327370002128883865120544
2017/10/12 06:21:39 blockbuffer value  200867255532373784442745261542645325327479953291661465120544
2017/10/12 06:23:38 blockbuffer value  200867255532373784442745261542645325327589904454439065120544
2017/10/12 06:25:36 blockbuffer value  200867255532373784442745261542645325327699855617216665120544
2017/10/12 06:27:34 blockbuffer value  200867255532373784442745261542645325327809806779994265120544
2017/10/12 06:29:32 blockbuffer value  200867255532373784442745261542645325327919757942771865120544
2017/10/12 06:31:30 blockbuffer value  200867255532373784442745261542645325328029709105549465120544
2017/10/12 06:33:28 blockbuffer value  200867255532373784442745261542645325328139660268327065120544
2017/10/12 06:35:26 blockbuffer value  200867255532373784442745261542645325328249611431104665120544
2017/10/12 06:37:24 blockbuffer value  200867255532373784442745261542645325328359562593882265120544
2017/10/12 06:39:21 blockbuffer value  200867255532373784442745261542645325328469513756659865120544
2017/10/12 06:41:19 blockbuffer value  200867255532373784442745261542645325328579464919437465120544
2017/10/12 06:43:17 blockbuffer value  200867255532373784442745261542645325328689416082215065120544
2017/10/12 06:45:15 blockbuffer value  200867255532373784442745261542645325328799367244992665120544
2017/10/12 06:47:13 blockbuffer value  200867255532373784442745261542645325328909318407770265120544
2017/10/12 06:49:11 blockbuffer value  200867255532373784442745261542645325329019269570547865120544
2017/10/12 06:51:09 blockbuffer value  200867255532373784442745261542645325329129220733325465120544
2017/10/12 06:53:07 blockbuffer value  200867255532373784442745261542645325329239171896103065120544
2017/10/12 06:55:05 blockbuffer value  200867255532373784442745261542645325329349123058880665120544
2017/10/12 06:57:03 blockbuffer value  200867255532373784442745261542645325329459074221658265120544
2017/10/12 06:59:01 blockbuffer value  200867255532373784442745261542645325329569025384435865120544
2017/10/12 07:01:00 blockbuffer value  200867255532373784442745261542645325329678976547213465120544
2017/10/12 07:02:58 blockbuffer value  200867255532373784442745261542645325329788927709991065120544
2017/10/12 07:04:56 blockbuffer value  200867255532373784442745261542645325329898878872768665120544
2017/10/12 07:06:54 blockbuffer value  200867255532373784442745261542645325330008830035546265120544
2017/10/12 07:08:52 blockbuffer value  200867255532373784442745261542645325330118781198323865120544
2017/10/12 07:10:50 blockbuffer value  200867255532373784442745261542645325330228732361101465120544
2017/10/12 07:12:48 blockbuffer value  200867255532373784442745261542645325330338683523879065120544
2017/10/12 07:14:46 blockbuffer value  200867255532373784442745261542645325330448634686656665120544
2017/10/12 07:16:44 blockbuffer value  200867255532373784442745261542645325330558585849434265120544
2017/10/12 07:18:42 blockbuffer value  200867255532373784442745261542645325330668537012211865120544
2017/10/12 07:20:40 blockbuffer value  200867255532373784442745261542645325330778488174989465120544
2017/10/12 07:22:38 blockbuffer value  200867255532373784442745261542645325330888439337767065120544
2017/10/12 07:24:36 blockbuffer value  200867255532373784442745261542645325330998390500544665120544
2017/10/12 07:26:34 blockbuffer value  200867255532373784442745261542645325331108341663322265120544
2017/10/12 07:28:32 blockbuffer value  200867255532373784442745261542645325331218292826099865120544
2017/10/12 07:30:30 blockbuffer value  200867255532373784442745261542645325331328243988877465120544
2017/10/12 07:32:28 blockbuffer value  200867255532373784442745261542645325331438195151655065120544
2017/10/12 07:34:26 blockbuffer value  200867255532373784442745261542645325331548146314432665120544
2017/10/12 07:36:24 blockbuffer value  200867255532373784442745261542645325331658097477210265120544
2017/10/12 07:38:22 blockbuffer value  200867255532373784442745261542645325331768048639987865120544
2017/10/12 07:40:20 blockbuffer value  200867255532373784442745261542645325331877999802765465120544
2017/10/12 07:42:19 blockbuffer value  200867255532373784442745261542645325331987950965543065120544
2017/10/12 07:44:17 blockbuffer value  200867255532373784442745261542645325332097902128320665120544
2017/10/12 07:46:15 blockbuffer value  200867255532373784442745261542645325332207853291098265120544
2017/10/12 07:48:13 blockbuffer value  200867255532373784442745261542645325332317804453875865120544
2017/10/12 07:50:11 blockbuffer value  200867255532373784442745261542645325332427755616653465120544
2017/10/12 07:52:09 blockbuffer value  200867255532373784442745261542645325332537706779431065120544
2017/10/12 07:54:08 blockbuffer value  200867255532373784442745261542645325332647657942208665120544
2017/10/12 07:56:05 blockbuffer value  200867255532373784442745261542645325332757609104986265120544
2017/10/12 07:58:03 blockbuffer value  200867255532373784442745261542645325332867560267763865120544
2017/10/12 08:00:01 blockbuffer value  200867255532373784442745261542645325332977511430541465120544
2017/10/12 08:01:59 blockbuffer value  200867255532373784442745261542645325333087462593319065120544
2017/10/12 08:03:57 blockbuffer value  200867255532373784442745261542645325333197413756096665120544
2017/10/12 08:05:55 blockbuffer value  200867255532373784442745261542645325333307364918874265120544
2017/10/12 08:07:53 blockbuffer value  200867255532373784442745261542645325333417316081651865120544
2017/10/12 08:09:51 blockbuffer value  200867255532373784442745261542645325333527267244429465120544
2017/10/12 08:11:49 blockbuffer value  200867255532373784442745261542645325333637218407207065120544
2017/10/12 08:13:46 blockbuffer value  200867255532373784442745261542645325333747169569984665120544
2017/10/12 08:15:44 blockbuffer value  200867255532373784442745261542645325333857120732762265120544
2017/10/12 08:17:42 blockbuffer value  200867255532373784442745261542645325333967071895539865120544
2017/10/12 08:19:40 blockbuffer value  200867255532373784442745261542645325334077023058317465120544
2017/10/12 08:21:38 blockbuffer value  200867255532373784442745261542645325334186974221095065120544
2017/10/12 08:23:35 blockbuffer value  200867255532373784442745261542645325334296925383872665120544
2017/10/12 08:25:33 blockbuffer value  200867255532373784442745261542645325334406876546650265120544
2017/10/12 08:27:31 blockbuffer value  200867255532373784442745261542645325334516827709427865120544
2017/10/12 08:29:29 blockbuffer value  200867255532373784442745261542645325334626778872205465120544
2017/10/12 08:31:27 blockbuffer value  200867255532373784442745261542645325334736730034983065120544
2017/10/12 08:33:25 blockbuffer value  200867255532373784442745261542645325334846681197760665120544
2017/10/12 08:35:23 blockbuffer value  200867255532373784442745261542645325334956632360538265120544
2017/10/12 08:37:21 blockbuffer value  200867255532373784442745261542645325335066583523315865120544
2017/10/12 08:39:19 blockbuffer value  200867255532373784442745261542645325335176534686093465120544
2017/10/12 08:41:17 blockbuffer value  200867255532373784442745261542645325335286485848871065120544
2017/10/12 08:43:15 blockbuffer value  200867255532373784442745261542645325335396437011648665120544
2017/10/12 08:45:13 blockbuffer value  200867255532373784442745261542645325335506388174426265120544
2017/10/12 08:47:11 blockbuffer value  200867255532373784442745261542645325335616339337203865120544
2017/10/12 08:49:09 blockbuffer value  200867255532373784442745261542645325335726290499981465120544
2017/10/12 08:51:06 blockbuffer value  200867255532373784442745261542645325335836241662759065120544
2017/10/12 08:53:04 blockbuffer value  200867255532373784442745261542645325335946192825536665120544
2017/10/12 08:55:03 blockbuffer value  200867255532373784442745261542645325336056143988314265120544
2017/10/12 08:57:01 blockbuffer value  200867255532373784442745261542645325336166095151091865120544
2017/10/12 08:58:58 blockbuffer value  200867255532373784442745261542645325336276046313869465120544
2017/10/12 09:00:56 blockbuffer value  200867255532373784442745261542645325336385997476647065120544
2017/10/12 09:02:55 blockbuffer value  200867255532373784442745261542645325336495948639424665120544
2017/10/12 09:04:53 blockbuffer value  200867255532373784442745261542645325336605899802202265120544
2017/10/12 09:06:51 blockbuffer value  200867255532373784442745261542645325336715850964979865120544
2017/10/12 09:08:49 blockbuffer value  200867255532373784442745261542645325336825802127757465120544
2017/10/12 09:10:47 blockbuffer value  200867255532373784442745261542645325336935753290535065120544
2017/10/12 09:12:45 blockbuffer value  200867255532373784442745261542645325337045704453312665120544
2017/10/12 09:14:42 blockbuffer value  200867255532373784442745261542645325337155655616090265120544
2017/10/12 09:16:41 blockbuffer value  200867255532373784442745261542645325337265606778867865120544
2017/10/12 09:18:39 blockbuffer value  200867255532373784442745261542645325337375557941645465120544
2017/10/12 09:20:37 blockbuffer value  200867255532373784442745261542645325337485509104423065120544
2017/10/12 09:22:35 blockbuffer value  200867255532373784442745261542645325337595460267200665120544
2017/10/12 09:24:33 blockbuffer value  200867255532373784442745261542645325337705411429978265120544
2017/10/12 09:26:31 blockbuffer value  200867255532373784442745261542645325337815362592755865120544
2017/10/12 09:28:29 blockbuffer value  200867255532373784442745261542645325337925313755533465120544
2017/10/12 09:30:27 blockbuffer value  200867255532373784442745261542645325338035264918311065120544
2017/10/12 09:32:25 blockbuffer value  200867255532373784442745261542645325338145216081088665120544
2017/10/12 09:34:23 blockbuffer value  200867255532373784442745261542645325338255167243866265120544
2017/10/12 09:36:21 blockbuffer value  200867255532373784442745261542645325338365118406643865120544
2017/10/12 09:38:19 blockbuffer value  200867255532373784442745261542645325338475069569421465120544
2017/10/12 09:40:17 blockbuffer value  200867255532373784442745261542645325338585020732199065120544
2017/10/12 09:42:15 blockbuffer value  200867255532373784442745261542645325338694971894976665120544
2017/10/12 09:44:13 blockbuffer value  200867255532373784442745261542645325338804923057754265120544
2017/10/12 09:46:11 blockbuffer value  200867255532373784442745261542645325338914874220531865120544
2017/10/12 09:48:08 blockbuffer value  200867255532373784442745261542645325339024825383309465120544
2017/10/12 09:50:06 blockbuffer value  200867255532373784442745261542645325339134776546087065120544
2017/10/12 09:52:04 blockbuffer value  200867255532373784442745261542645325339244727708864665120544
2017/10/12 09:54:02 blockbuffer value  200867255532373784442745261542645325339354678871642265120544
2017/10/12 09:56:00 blockbuffer value  200867255532373784442745261542645325339464630034419865120544
2017/10/12 09:57:58 blockbuffer value  200867255532373784442745261542645325339574581197197465120544
2017/10/12 09:59:56 blockbuffer value  200867255532373784442745261542645325339684532359975065120544
2017/10/12 10:01:54 blockbuffer value  200867255532373784442745261542645325339794483522752665120544
2017/10/12 10:03:52 blockbuffer value  200867255532373784442745261542645325339904434685530265120544
2017/10/12 10:05:50 blockbuffer value  200867255532373784442745261542645325340014385848307865120544
2017/10/12 10:07:48 blockbuffer value  200867255532373784442745261542645325340124337011085465120544
2017/10/12 10:09:46 blockbuffer value  200867255532373784442745261542645325340234288173863065120544
2017/10/12 10:11:44 blockbuffer value  200867255532373784442745261542645325340344239336640665120544
2017/10/12 10:13:42 blockbuffer value  200867255532373784442745261542645325340454190499418265120544
2017/10/12 10:15:40 blockbuffer value  200867255532373784442745261542645325340564141662195865120544
2017/10/12 10:17:38 blockbuffer value  200867255532373784442745261542645325340674092824973465120544
2017/10/12 10:19:36 blockbuffer value  200867255532373784442745261542645325340784043987751065120544
2017/10/12 10:21:34 blockbuffer value  200867255532373784442745261542645325340893995150528665120544
2017/10/12 10:23:31 blockbuffer value  200867255532373784442745261542645325341003946313306265120544
2017/10/12 10:25:29 blockbuffer value  200867255532373784442745261542645325341113897476083865120544
2017/10/12 10:27:27 blockbuffer value  200867255532373784442745261542645325341223848638861465120544
2017/10/12 10:29:25 blockbuffer value  200867255532373784442745261542645325341333799801639065120544
2017/10/12 10:31:23 blockbuffer value  200867255532373784442745261542645325341443750964416665120544
2017/10/12 10:33:21 blockbuffer value  200867255532373784442745261542645325341553702127194265120544
2017/10/12 10:35:19 blockbuffer value  200867255532373784442745261542645325341663653289971865120544
2017/10/12 10:37:17 blockbuffer value  200867255532373784442745261542645325341773604452749465120544
2017/10/12 10:39:15 blockbuffer value  200867255532373784442745261542645325341883555615527065120544
2017/10/12 10:41:12 blockbuffer value  200867255532373784442745261542645325341993506778304665120544
2017/10/12 10:43:10 blockbuffer value  200867255532373784442745261542645325342103457941082265120544
2017/10/12 10:45:08 blockbuffer value  200867255532373784442745261542645325342213409103859865120544
2017/10/12 10:47:06 blockbuffer value  200867255532373784442745261542645325342323360266637465120544
2017/10/12 10:49:04 blockbuffer value  200867255532373784442745261542645325342433311429415065120544
2017/10/12 10:51:02 blockbuffer value  200867255532373784442745261542645325342543262592192665120544
2017/10/12 10:53:00 blockbuffer value  200867255532373784442745261542645325342653213754970265120544
2017/10/12 10:54:58 blockbuffer value  200867255532373784442745261542645325342763164917747865120544
2017/10/12 10:56:56 blockbuffer value  200867255532373784442745261542645325342873116080525465120544
2017/10/12 10:58:53 blockbuffer value  200867255532373784442745261542645325342983067243303065120544
2017/10/12 11:00:51 blockbuffer value  200867255532373784442745261542645325343093018406080665120544
2017/10/12 11:02:49 blockbuffer value  200867255532373784442745261542645325343202969568858265120544
2017/10/12 11:04:47 blockbuffer value  200867255532373784442745261542645325343312920731635865120544
2017/10/12 11:06:45 blockbuffer value  200867255532373784442745261542645325343422871894413465120544
2017/10/12 11:08:43 blockbuffer value  200867255532373784442745261542645325343532823057191065120544
2017/10/12 11:10:40 blockbuffer value  200867255532373784442745261542645325343642774219968665120544
2017/10/12 11:12:38 blockbuffer value  200867255532373784442745261542645325343752725382746265120544
2017/10/12 11:14:36 blockbuffer value  200867255532373784442745261542645325343862676545523865120544
2017/10/12 11:16:34 blockbuffer value  200867255532373784442745261542645325343972627708301465120544
2017/10/12 11:18:32 blockbuffer value  200867255532373784442745261542645325344082578871079065120544
2017/10/12 11:20:30 blockbuffer value  200867255532373784442745261542645325344192530033856665120544
2017/10/12 11:22:28 blockbuffer value  200867255532373784442745261542645325344302481196634265120544
2017/10/12 11:24:26 blockbuffer value  200867255532373784442745261542645325344412432359411865120544
2017/10/12 11:26:23 blockbuffer value  200867255532373784442745261542645325344522383522189465120544
2017/10/12 11:28:21 blockbuffer value  200867255532373784442745261542645325344632334684967065120544
2017/10/12 11:30:19 blockbuffer value  200867255532373784442745261542645325344742285847744665120544
2017/10/12 11:32:17 blockbuffer value  200867255532373784442745261542645325344852237010522265120544
2017/10/12 11:34:15 blockbuffer value  200867255532373784442745261542645325344962188173299865120544
2017/10/12 11:36:13 blockbuffer value  200867255532373784442745261542645325345072139336077465120544
2017/10/12 11:38:11 blockbuffer value  200867255532373784442745261542645325345182090498855065120544
2017/10/12 11:40:09 blockbuffer value  200867255532373784442745261542645325345292041661632665120544
2017/10/12 11:42:07 blockbuffer value  200867255532373784442745261542645325345401992824410265120544
2017/10/12 11:44:05 blockbuffer value  200867255532373784442745261542645325345511943987187865120544
2017/10/12 11:46:03 blockbuffer value  200867255532373784442745261542645325345621895149965465120544
2017/10/12 11:48:01 blockbuffer value  200867255532373784442745261542645325345731846312743065120544
2017/10/12 11:49:59 blockbuffer value  200867255532373784442745261542645325345841797475520665120544
2017/10/12 11:51:57 blockbuffer value  200867255532373784442745261542645325345951748638298265120544
2017/10/12 11:53:55 blockbuffer value  200867255532373784442745261542645325346061699801075865120544
2017/10/12 11:55:53 blockbuffer value  200867255532373784442745261542645325346171650963853465120544
2017/10/12 11:57:51 blockbuffer value  200867255532373784442745261542645325346281602126631065120544
2017/10/12 11:59:49 blockbuffer value  200867255532373784442745261542645325346391553289408665120544
2017/10/12 12:01:46 blockbuffer value  200867255532373784442745261542645325346501504452186265120544
2017/10/12 12:03:44 blockbuffer value  200867255532373784442745261542645325346611455614963865120544
2017/10/12 12:05:43 blockbuffer value  200867255532373784442745261542645325346721406777741465120544
2017/10/12 12:07:41 blockbuffer value  200867255532373784442745261542645325346831357940519065120544
2017/10/12 12:09:39 blockbuffer value  200867255532373784442745261542645325346941309103296665120544
2017/10/12 12:11:36 blockbuffer value  200867255532373784442745261542645325347051260266074265120544
2017/10/12 12:13:34 blockbuffer value  200867255532373784442745261542645325347161211428851865120544
2017/10/12 12:15:32 blockbuffer value  200867255532373784442745261542645325347271162591629465120544
2017/10/12 12:17:30 blockbuffer value  200867255532373784442745261542645325347381113754407065120544
2017/10/12 12:19:28 blockbuffer value  200867255532373784442745261542645325347491064917184665120544
2017/10/12 12:21:26 blockbuffer value  200867255532373784442745261542645325347601016079962265120544
2017/10/12 12:23:24 blockbuffer value  200867255532373784442745261542645325347710967242739865120544
2017/10/12 12:25:22 blockbuffer value  200867255532373784442745261542645325347820918405517465120544
2017/10/12 12:27:20 blockbuffer value  200867255532373784442745261542645325347930869568295065120544
2017/10/12 12:29:17 blockbuffer value  200867255532373784442745261542645325348040820731072665120544
2017/10/12 12:31:15 blockbuffer value  200867255532373784442745261542645325348150771893850265120544
2017/10/12 12:33:13 blockbuffer value  200867255532373784442745261542645325348260723056627865120544
2017/10/12 12:35:11 blockbuffer value  200867255532373784442745261542645325348370674219405465120544
2017/10/12 12:37:09 blockbuffer value  200867255532373784442745261542645325348480625382183065120544
2017/10/12 12:39:07 blockbuffer value  200867255532373784442745261542645325348590576544960665120544
2017/10/12 12:41:05 blockbuffer value  200867255532373784442745261542645325348700527707738265120544
2017/10/12 12:43:03 blockbuffer value  200867255532373784442745261542645325348810478870515865120544
2017/10/12 12:45:01 blockbuffer value  200867255532373784442745261542645325348920430033293465120544
2017/10/12 12:46:59 blockbuffer value  200867255532373784442745261542645325349030381196071065120544
2017/10/12 12:48:57 blockbuffer value  200867255532373784442745261542645325349140332358848665120544
2017/10/12 12:50:55 blockbuffer value  200867255532373784442745261542645325349250283521626265120544
2017/10/12 12:52:52 blockbuffer value  200867255532373784442745261542645325349360234684403865120544
2017/10/12 12:54:50 blockbuffer value  200867255532373784442745261542645325349470185847181465120544
2017/10/12 12:56:48 blockbuffer value  200867255532373784442745261542645325349580137009959065120544
2017/10/12 12:58:46 blockbuffer value  200867255532373784442745261542645325349690088172736665120544
2017/10/12 13:00:44 blockbuffer value  200867255532373784442745261542645325349800039335514265120544
2017/10/12 13:02:42 blockbuffer value  200867255532373784442745261542645325349909990498291865120544
2017/10/12 13:04:40 blockbuffer value  200867255532373784442745261542645325350019941661069465120544
2017/10/12 13:06:37 blockbuffer value  200867255532373784442745261542645325350129892823847065120544
2017/10/12 13:08:35 blockbuffer value  200867255532373784442745261542645325350239843986624665120544
2017/10/12 13:10:33 blockbuffer value  200867255532373784442745261542645325350349795149402265120544
2017/10/12 13:12:31 blockbuffer value  200867255532373784442745261542645325350459746312179865120544
2017/10/12 13:14:28 blockbuffer value  200867255532373784442745261542645325350569697474957465120544
2017/10/12 13:16:26 blockbuffer value  200867255532373784442745261542645325350679648637735065120544
2017/10/12 13:18:24 blockbuffer value  200867255532373784442745261542645325350789599800512665120544
2017/10/12 13:20:22 blockbuffer value  200867255532373784442745261542645325350899550963290265120544
2017/10/12 13:22:20 blockbuffer value  200867255532373784442745261542645325351009502126067865120544
2017/10/12 13:24:18 blockbuffer value  200867255532373784442745261542645325351119453288845465120544
2017/10/12 13:26:16 blockbuffer value  200867255532373784442745261542645325351229404451623065120544
2017/10/12 13:28:14 blockbuffer value  200867255532373784442745261542645325351339355614400665120544
2017/10/12 13:30:11 blockbuffer value  200867255532373784442745261542645325351449306777178265120544
2017/10/12 13:32:09 blockbuffer value  200867255532373784442745261542645325351559257939955865120544
2017/10/12 13:34:07 blockbuffer value  200867255532373784442745261542645325351669209102733465120544
2017/10/12 13:36:05 blockbuffer value  200867255532373784442745261542645325351779160265511065120544
2017/10/12 13:38:03 blockbuffer value  200867255532373784442745261542645325351889111428288665120544
2017/10/12 13:40:00 blockbuffer value  200867255532373784442745261542645325351999062591066265120544
2017/10/12 13:41:58 blockbuffer value  200867255532373784442745261542645325352109013753843865120544
2017/10/12 13:43:56 blockbuffer value  200867255532373784442745261542645325352218964916621465120544
2017/10/12 13:45:54 blockbuffer value  200867255532373784442745261542645325352328916079399065120544
2017/10/12 13:47:51 blockbuffer value  200867255532373784442745261542645325352438867242176665120544
2017/10/12 13:49:49 blockbuffer value  200867255532373784442745261542645325352548818404954265120544
2017/10/12 13:51:47 blockbuffer value  200867255532373784442745261542645325352658769567731865120544
2017/10/12 13:53:45 blockbuffer value  200867255532373784442745261542645325352768720730509465120544
2017/10/12 13:55:43 blockbuffer value  200867255532373784442745261542645325352878671893287065120544
2017/10/12 13:57:40 blockbuffer value  200867255532373784442745261542645325352988623056064665120544
2017/10/12 13:59:38 blockbuffer value  200867255532373784442745261542645325353098574218842265120544
2017/10/12 14:01:36 blockbuffer value  200867255532373784442745261542645325353208525381619865120544
2017/10/12 14:03:34 blockbuffer value  200867255532373784442745261542645325353318476544397465120544
2017/10/12 14:05:32 blockbuffer value  200867255532373784442745261542645325353428427707175065120544
2017/10/12 14:07:30 blockbuffer value  200867255532373784442745261542645325353538378869952665120544
2017/10/12 14:09:27 blockbuffer value  200867255532373784442745261542645325353648330032730265120544
2017/10/12 14:11:25 blockbuffer value  200867255532373784442745261542645325353758281195507865120544
2017/10/12 14:13:23 blockbuffer value  200867255532373784442745261542645325353868232358285465120544
2017/10/12 14:15:21 blockbuffer value  200867255532373784442745261542645325353978183521063065120544
2017/10/12 14:17:19 blockbuffer value  200867255532373784442745261542645325354088134683840665120544
2017/10/12 14:19:17 blockbuffer value  200867255532373784442745261542645325354198085846618265120544
2017/10/12 14:21:15 blockbuffer value  200867255532373784442745261542645325354308037009395865120544
2017/10/12 14:23:13 blockbuffer value  200867255532373784442745261542645325354417988172173465120544
2017/10/12 14:25:11 blockbuffer value  200867255532373784442745261542645325354527939334951065120544
2017/10/12 14:27:09 blockbuffer value  200867255532373784442745261542645325354637890497728665120544
2017/10/12 14:29:06 blockbuffer value  200867255532373784442745261542645325354747841660506265120544
2017/10/12 14:31:04 blockbuffer value  200867255532373784442745261542645325354857792823283865120544
2017/10/12 14:33:02 blockbuffer value  200867255532373784442745261542645325354967743986061465120544
2017/10/12 14:35:00 blockbuffer value  200867255532373784442745261542645325355077695148839065120544
2017/10/12 14:36:57 blockbuffer value  200867255532373784442745261542645325355187646311616665120544
2017/10/12 14:38:55 blockbuffer value  200867255532373784442745261542645325355297597474394265120544
2017/10/12 14:40:53 blockbuffer value  200867255532373784442745261542645325355407548637171865120544
2017/10/12 14:42:51 blockbuffer value  200867255532373784442745261542645325355517499799949465120544
2017/10/12 14:44:49 blockbuffer value  200867255532373784442745261542645325355627450962727065120544
2017/10/12 14:46:47 blockbuffer value  200867255532373784442745261542645325355737402125504665120544
2017/10/12 14:48:45 blockbuffer value  200867255532373784442745261542645325355847353288282265120544
2017/10/12 14:50:43 blockbuffer value  200867255532373784442745261542645325355957304451059865120544
2017/10/12 14:52:41 blockbuffer value  200867255532373784442745261542645325356067255613837465120544
2017/10/12 14:54:39 blockbuffer value  200867255532373784442745261542645325356177206776615065120544
2017/10/12 14:56:37 blockbuffer value  200867255532373784442745261542645325356287157939392665120544
2017/10/12 14:58:35 blockbuffer value  200867255532373784442745261542645325356397109102170265120544
2017/10/12 15:00:33 blockbuffer value  200867255532373784442745261542645325356507060264947865120544
2017/10/12 15:02:31 blockbuffer value  200867255532373784442745261542645325356617011427725465120544
2017/10/12 15:04:28 blockbuffer value  200867255532373784442745261542645325356726962590503065120544
2017/10/12 15:06:26 blockbuffer value  200867255532373784442745261542645325356836913753280665120544
2017/10/12 15:08:24 blockbuffer value  200867255532373784442745261542645325356946864916058265120544
2017/10/12 15:10:22 blockbuffer value  200867255532373784442745261542645325357056816078835865120544
2017/10/12 15:12:19 blockbuffer value  200867255532373784442745261542645325357166767241613465120544
2017/10/12 15:14:17 blockbuffer value  200867255532373784442745261542645325357276718404391065120544
2017/10/12 15:16:15 blockbuffer value  200867255532373784442745261542645325357386669567168665120544
2017/10/12 15:18:13 blockbuffer value  200867255532373784442745261542645325357496620729946265120544
2017/10/12 15:20:11 blockbuffer value  200867255532373784442745261542645325357606571892723865120544
2017/10/12 15:22:09 blockbuffer value  200867255532373784442745261542645325357716523055501465120544
2017/10/12 15:24:06 blockbuffer value  200867255532373784442745261542645325357826474218279065120544
2017/10/12 15:26:04 blockbuffer value  200867255532373784442745261542645325357936425381056665120544
2017/10/12 15:28:02 blockbuffer value  200867255532373784442745261542645325358046376543834265120544
2017/10/12 15:30:00 blockbuffer value  200867255532373784442745261542645325358156327706611865120544
2017/10/12 15:31:58 blockbuffer value  200867255532373784442745261542645325358266278869389465120544
2017/10/12 15:33:56 blockbuffer value  200867255532373784442745261542645325358376230032167065120544
2017/10/12 15:35:54 blockbuffer value  200867255532373784442745261542645325358486181194944665120544
2017/10/12 15:37:52 blockbuffer value  200867255532373784442745261542645325358596132357722265120544
2017/10/12 15:39:50 blockbuffer value  200867255532373784442745261542645325358706083520499865120544
2017/10/12 15:41:48 blockbuffer value  200867255532373784442745261542645325358816034683277465120544
2017/10/12 15:43:46 blockbuffer value  200867255532373784442745261542645325358925985846055065120544
2017/10/12 15:45:44 blockbuffer value  200867255532373784442745261542645325359035937008832665120544
2017/10/12 15:47:42 blockbuffer value  200867255532373784442745261542645325359145888171610265120544
2017/10/12 15:49:40 blockbuffer value  200867255532373784442745261542645325359255839334387865120544
2017/10/12 15:51:38 blockbuffer value  200867255532373784442745261542645325359365790497165465120544
2017/10/12 15:53:36 blockbuffer value  200867255532373784442745261542645325359475741659943065120544
2017/10/12 15:55:33 blockbuffer value  200867255532373784442745261542645325359585692822720665120544
2017/10/12 15:57:31 blockbuffer value  200867255532373784442745261542645325359695643985498265120544
2017/10/12 15:59:29 blockbuffer value  200867255532373784442745261542645325359805595148275865120544
2017/10/12 16:01:27 blockbuffer value  200867255532373784442745261542645325359915546311053465120544
2017/10/12 16:03:24 blockbuffer value  200867255532373784442745261542645325360025497473831065120544
2017/10/12 16:05:22 blockbuffer value  200867255532373784442745261542645325360135448636608665120544
2017/10/12 16:07:20 blockbuffer value  200867255532373784442745261542645325360245399799386265120544
2017/10/12 16:09:18 blockbuffer value  200867255532373784442745261542645325360355350962163865120544
2017/10/12 16:11:16 blockbuffer value  200867255532373784442745261542645325360465302124941465120544
2017/10/12 16:13:14 blockbuffer value  200867255532373784442745261542645325360575253287719065120544
2017/10/12 16:15:12 blockbuffer value  200867255532373784442745261542645325360685204450496665120544
2017/10/12 16:17:10 blockbuffer value  200867255532373784442745261542645325360795155613274265120544
2017/10/12 16:19:07 blockbuffer value  200867255532373784442745261542645325360905106776051865120544
2017/10/12 16:21:05 blockbuffer value  200867255532373784442745261542645325361015057938829465120544
2017/10/12 16:23:03 blockbuffer value  200867255532373784442745261542645325361125009101607065120544
2017/10/12 16:25:02 blockbuffer value  200867255532373784442745261542645325361234960264384665120544
2017/10/12 16:27:00 blockbuffer value  200867255532373784442745261542645325361344911427162265120544
2017/10/12 16:28:58 blockbuffer value  200867255532373784442745261542645325361454862589939865120544
2017/10/12 16:30:55 blockbuffer value  200867255532373784442745261542645325361564813752717465120544
2017/10/12 16:32:53 blockbuffer value  200867255532373784442745261542645325361674764915495065120544
2017/10/12 16:34:51 blockbuffer value  200867255532373784442745261542645325361784716078272665120544
2017/10/12 16:36:49 blockbuffer value  200867255532373784442745261542645325361894667241050265120544
2017/10/12 16:38:47 blockbuffer value  200867255532373784442745261542645325362004618403827865120544
2017/10/12 16:40:45 blockbuffer value  200867255532373784442745261542645325362114569566605465120544
2017/10/12 16:42:43 blockbuffer value  200867255532373784442745261542645325362224520729383065120544
2017/10/12 16:44:41 blockbuffer value  200867255532373784442745261542645325362334471892160665120544
2017/10/12 16:46:39 blockbuffer value  200867255532373784442745261542645325362444423054938265120544
2017/10/12 16:48:36 blockbuffer value  200867255532373784442745261542645325362554374217715865120544
2017/10/12 16:50:35 blockbuffer value  200867255532373784442745261542645325362664325380493465120544
2017/10/12 16:52:32 blockbuffer value  200867255532373784442745261542645325362774276543271065120544
2017/10/12 16:54:30 blockbuffer value  200867255532373784442745261542645325362884227706048665120544
2017/10/12 16:56:28 blockbuffer value  200867255532373784442745261542645325362994178868826265120544
2017/10/12 16:58:25 blockbuffer value  200867255532373784442745261542645325363104130031603865120544
2017/10/12 17:00:23 blockbuffer value  200867255532373784442745261542645325363214081194381465120544
2017/10/12 17:02:21 blockbuffer value  200867255532373784442745261542645325363324032357159065120544
2017/10/12 17:04:19 blockbuffer value  200867255532373784442745261542645325363433983519936665120544
2017/10/12 17:06:17 blockbuffer value  200867255532373784442745261542645325363543934682714265120544
2017/10/12 17:08:15 blockbuffer value  200867255532373784442745261542645325363653885845491865120544
2017/10/12 17:10:13 blockbuffer value  200867255532373784442745261542645325363763837008269465120544
2017/10/12 17:12:10 blockbuffer value  200867255532373784442745261542645325363873788171047065120544
2017/10/12 17:14:08 blockbuffer value  200867255532373784442745261542645325363983739333824665120544
2017/10/12 17:16:06 blockbuffer value  200867255532373784442745261542645325364093690496602265120544
2017/10/12 17:18:04 blockbuffer value  200867255532373784442745261542645325364203641659379865120544
2017/10/12 17:20:02 blockbuffer value  200867255532373784442745261542645325364313592822157465120544
2017/10/12 17:22:00 blockbuffer value  200867255532373784442745261542645325364423543984935065120544
2017/10/12 17:23:58 blockbuffer value  200867255532373784442745261542645325364533495147712665120544
2017/10/12 17:25:56 blockbuffer value  200867255532373784442745261542645325364643446310490265120544
2017/10/12 17:27:54 blockbuffer value  200867255532373784442745261542645325364753397473267865120544
2017/10/12 17:29:52 blockbuffer value  200867255532373784442745261542645325364863348636045465120544
2017/10/12 17:31:50 blockbuffer value  200867255532373784442745261542645325364973299798823065120544
2017/10/12 17:33:48 blockbuffer value  200867255532373784442745261542645325365083250961600665120544
2017/10/12 17:35:46 blockbuffer value  200867255532373784442745261542645325365193202124378265120544
2017/10/12 17:37:44 blockbuffer value  200867255532373784442745261542645325365303153287155865120544
2017/10/12 17:39:42 blockbuffer value  200867255532373784442745261542645325365413104449933465120544
2017/10/12 17:41:40 blockbuffer value  200867255532373784442745261542645325365523055612711065120544
2017/10/12 17:43:38 blockbuffer value  200867255532373784442745261542645325365633006775488665120544
2017/10/12 17:45:35 blockbuffer value  200867255532373784442745261542645325365742957938266265120544
2017/10/12 17:47:33 blockbuffer value  200867255532373784442745261542645325365852909101043865120544
2017/10/12 17:49:31 blockbuffer value  200867255532373784442745261542645325365962860263821465120544
2017/10/12 17:51:29 blockbuffer value  200867255532373784442745261542645325366072811426599065120544
2017/10/12 17:53:27 blockbuffer value  200867255532373784442745261542645325366182762589376665120544
2017/10/12 17:55:25 blockbuffer value  200867255532373784442745261542645325366292713752154265120544
2017/10/12 17:57:23 blockbuffer value  200867255532373784442745261542645325366402664914931865120544
2017/10/12 17:59:20 blockbuffer value  200867255532373784442745261542645325366512616077709465120544
2017/10/12 18:01:18 blockbuffer value  200867255532373784442745261542645325366622567240487065120544
2017/10/12 18:03:16 blockbuffer value  200867255532373784442745261542645325366732518403264665120544
2017/10/12 18:05:14 blockbuffer value  200867255532373784442745261542645325366842469566042265120544
2017/10/12 18:07:12 blockbuffer value  200867255532373784442745261542645325366952420728819865120544
2017/10/12 18:09:09 blockbuffer value  200867255532373784442745261542645325367062371891597465120544
2017/10/12 18:11:08 blockbuffer value  200867255532373784442745261542645325367172323054375065120544
2017/10/12 18:13:05 blockbuffer value  200867255532373784442745261542645325367282274217152665120544
2017/10/12 18:15:03 blockbuffer value  200867255532373784442745261542645325367392225379930265120544
2017/10/12 18:17:01 blockbuffer value  200867255532373784442745261542645325367502176542707865120544
2017/10/12 18:18:59 blockbuffer value  200867255532373784442745261542645325367612127705485465120544
2017/10/12 18:20:57 blockbuffer value  200867255532373784442745261542645325367722078868263065120544
2017/10/12 18:22:55 blockbuffer value  200867255532373784442745261542645325367832030031040665120544
2017/10/12 18:24:53 blockbuffer value  200867255532373784442745261542645325367941981193818265120544
2017/10/12 18:26:51 blockbuffer value  200867255532373784442745261542645325368051932356595865120544
2017/10/12 18:28:49 blockbuffer value  200867255532373784442745261542645325368161883519373465120544
2017/10/12 18:30:47 blockbuffer value  200867255532373784442745261542645325368271834682151065120544
2017/10/12 18:32:45 blockbuffer value  200867255532373784442745261542645325368381785844928665120544
2017/10/12 18:34:43 blockbuffer value  200867255532373784442745261542645325368491737007706265120544
2017/10/12 18:36:41 blockbuffer value  200867255532373784442745261542645325368601688170483865120544
2017/10/12 18:38:39 blockbuffer value  200867255532373784442745261542645325368711639333261465120544
2017/10/12 18:40:36 blockbuffer value  200867255532373784442745261542645325368821590496039065120544
2017/10/12 18:42:35 blockbuffer value  200867255532373784442745261542645325368931541658816665120544
2017/10/12 18:44:32 blockbuffer value  200867255532373784442745261542645325369041492821594265120544
2017/10/12 18:46:30 blockbuffer value  200867255532373784442745261542645325369151443984371865120544
2017/10/12 18:48:29 blockbuffer value  200867255532373784442745261542645325369261395147149465120544
2017/10/12 18:50:26 blockbuffer value  200867255532373784442745261542645325369371346309927065120544
2017/10/12 18:52:24 blockbuffer value  200867255532373784442745261542645325369481297472704665120544
2017/10/12 18:54:22 blockbuffer value  200867255532373784442745261542645325369591248635482265120544
2017/10/12 18:56:20 blockbuffer value  200867255532373784442745261542645325369701199798259865120544
2017/10/12 18:58:18 blockbuffer value  200867255532373784442745261542645325369811150961037465120544
2017/10/12 19:00:16 blockbuffer value  200867255532373784442745261542645325369921102123815065120544
2017/10/12 19:02:14 blockbuffer value  200867255532373784442745261542645325370031053286592665120544
2017/10/12 19:04:12 blockbuffer value  200867255532373784442745261542645325370141004449370265120544
2017/10/12 19:06:10 blockbuffer value  200867255532373784442745261542645325370250955612147865120544
2017/10/12 19:08:09 blockbuffer value  200867255532373784442745261542645325370360906774925465120544
2017/10/12 19:10:07 blockbuffer value  200867255532373784442745261542645325370470857937703065120544
2017/10/12 19:12:04 blockbuffer value  200867255532373784442745261542645325370580809100480665120544
2017/10/12 19:14:02 blockbuffer value  200867255532373784442745261542645325370690760263258265120544
2017/10/12 19:16:00 blockbuffer value  200867255532373784442745261542645325370800711426035865120544
2017/10/12 19:17:58 blockbuffer value  200867255532373784442745261542645325370910662588813465120544
2017/10/12 19:19:56 blockbuffer value  200867255532373784442745261542645325371020613751591065120544
2017/10/12 19:21:54 blockbuffer value  200867255532373784442745261542645325371130564914368665120544
2017/10/12 19:23:52 blockbuffer value  200867255532373784442745261542645325371240516077146265120544
2017/10/12 19:25:50 blockbuffer value  200867255532373784442745261542645325371350467239923865120544
2017/10/12 19:27:48 blockbuffer value  200867255532373784442745261542645325371460418402701465120544
2017/10/12 19:29:46 blockbuffer value  200867255532373784442745261542645325371570369565479065120544
2017/10/12 19:31:44 blockbuffer value  200867255532373784442745261542645325371680320728256665120544
2017/10/12 19:33:42 blockbuffer value  200867255532373784442745261542645325371790271891034265120544
2017/10/12 19:35:40 blockbuffer value  200867255532373784442745261542645325371900223053811865120544
2017/10/12 19:37:37 blockbuffer value  200867255532373784442745261542645325372010174216589465120544
2017/10/12 19:39:35 blockbuffer value  200867255532373784442745261542645325372120125379367065120544
2017/10/12 19:41:33 blockbuffer value  200867255532373784442745261542645325372230076542144665120544
2017/10/12 19:43:31 blockbuffer value  200867255532373784442745261542645325372340027704922265120544
2017/10/12 19:45:29 blockbuffer value  200867255532373784442745261542645325372449978867699865120544
2017/10/12 19:47:27 blockbuffer value  200867255532373784442745261542645325372559930030477465120544
2017/10/12 19:49:25 blockbuffer value  200867255532373784442745261542645325372669881193255065120544
2017/10/12 19:51:23 blockbuffer value  200867255532373784442745261542645325372779832356032665120544
2017/10/12 19:53:20 blockbuffer value  200867255532373784442745261542645325372889783518810265120544
2017/10/12 19:55:18 blockbuffer value  200867255532373784442745261542645325372999734681587865120544
2017/10/12 19:57:16 blockbuffer value  200867255532373784442745261542645325373109685844365465120544
2017/10/12 19:59:14 blockbuffer value  200867255532373784442745261542645325373219637007143065120544
2017/10/12 20:01:12 blockbuffer value  200867255532373784442745261542645325373329588169920665120544
2017/10/12 20:03:10 blockbuffer value  200867255532373784442745261542645325373439539332698265120544
2017/10/12 20:05:07 blockbuffer value  200867255532373784442745261542645325373549490495475865120544
2017/10/12 20:07:05 blockbuffer value  200867255532373784442745261542645325373659441658253465120544
2017/10/12 20:09:03 blockbuffer value  200867255532373784442745261542645325373769392821031065120544
2017/10/12 20:11:01 blockbuffer value  200867255532373784442745261542645325373879343983808665120544
2017/10/12 20:12:59 blockbuffer value  200867255532373784442745261542645325373989295146586265120544
2017/10/12 20:14:57 blockbuffer value  200867255532373784442745261542645325374099246309363865120544
2017/10/12 20:16:56 blockbuffer value  200867255532373784442745261542645325374209197472141465120544
2017/10/12 20:18:53 blockbuffer value  200867255532373784442745261542645325374319148634919065120544
2017/10/12 20:20:51 blockbuffer value  200867255532373784442745261542645325374429099797696665120544
2017/10/12 20:22:49 blockbuffer value  200867255532373784442745261542645325374539050960474265120544
2017/10/12 20:24:47 blockbuffer value  200867255532373784442745261542645325374649002123251865120544
2017/10/12 20:26:45 blockbuffer value  200867255532373784442745261542645325374758953286029465120544
2017/10/12 20:28:43 blockbuffer value  200867255532373784442745261542645325374868904448807065120544
2017/10/12 20:30:41 blockbuffer value  200867255532373784442745261542645325374978855611584665120544
2017/10/12 20:32:39 blockbuffer value  200867255532373784442745261542645325375088806774362265120544
2017/10/12 20:34:37 blockbuffer value  200867255532373784442745261542645325375198757937139865120544
2017/10/12 20:36:34 blockbuffer value  200867255532373784442745261542645325375308709099917465120544
2017/10/12 20:38:32 blockbuffer value  200867255532373784442745261542645325375418660262695065120544
2017/10/12 20:40:30 blockbuffer value  200867255532373784442745261542645325375528611425472665120544
2017/10/12 20:42:28 blockbuffer value  200867255532373784442745261542645325375638562588250265120544
2017/10/12 20:44:26 blockbuffer value  200867255532373784442745261542645325375748513751027865120544
2017/10/12 20:46:24 blockbuffer value  200867255532373784442745261542645325375858464913805465120544
2017/10/12 20:48:22 blockbuffer value  200867255532373784442745261542645325375968416076583065120544
2017/10/12 20:50:20 blockbuffer value  200867255532373784442745261542645325376078367239360665120544
2017/10/12 20:52:18 blockbuffer value  200867255532373784442745261542645325376188318402138265120544
2017/10/12 20:54:16 blockbuffer value  200867255532373784442745261542645325376298269564915865120544
2017/10/12 20:56:14 blockbuffer value  200867255532373784442745261542645325376408220727693465120544
2017/10/12 20:58:12 blockbuffer value  200867255532373784442745261542645325376518171890471065120544
2017/10/12 21:00:10 blockbuffer value  200867255532373784442745261542645325376628123053248665120544
2017/10/12 21:02:08 blockbuffer value  200867255532373784442745261542645325376738074216026265120544
2017/10/12 21:04:06 blockbuffer value  200867255532373784442745261542645325376848025378803865120544
2017/10/12 21:06:04 blockbuffer value  200867255532373784442745261542645325376957976541581465120544
2017/10/12 21:08:02 blockbuffer value  200867255532373784442745261542645325377067927704359065120544
2017/10/12 21:09:59 blockbuffer value  200867255532373784442745261542645325377177878867136665120544
2017/10/12 21:11:57 blockbuffer value  200867255532373784442745261542645325377287830029914265120544
2017/10/12 21:13:55 blockbuffer value  200867255532373784442745261542645325377397781192691865120544
2017/10/12 21:15:53 blockbuffer value  200867255532373784442745261542645325377507732355469465120544
2017/10/12 21:17:51 blockbuffer value  200867255532373784442745261542645325377617683518247065120544
2017/10/12 21:19:49 blockbuffer value  200867255532373784442745261542645325377727634681024665120544
2017/10/12 21:21:47 blockbuffer value  200867255532373784442745261542645325377837585843802265120544
2017/10/12 21:23:45 blockbuffer value  200867255532373784442745261542645325377947537006579865120544
2017/10/12 21:25:42 blockbuffer value  200867255532373784442745261542645325378057488169357465120544
2017/10/12 21:27:41 blockbuffer value  200867255532373784442745261542645325378167439332135065120544
2017/10/12 21:29:39 blockbuffer value  200867255532373784442745261542645325378277390494912665120544
2017/10/12 21:31:36 blockbuffer value  200867255532373784442745261542645325378387341657690265120544
2017/10/12 21:33:35 blockbuffer value  200867255532373784442745261542645325378497292820467865120544
2017/10/12 21:35:33 blockbuffer value  200867255532373784442745261542645325378607243983245465120544
2017/10/12 21:37:31 blockbuffer value  200867255532373784442745261542645325378717195146023065120544
2017/10/12 21:39:29 blockbuffer value  200867255532373784442745261542645325378827146308800665120544
2017/10/12 21:41:27 blockbuffer value  200867255532373784442745261542645325378937097471578265120544
2017/10/12 21:43:25 blockbuffer value  200867255532373784442745261542645325379047048634355865120544
2017/10/12 21:45:23 blockbuffer value  200867255532373784442745261542645325379156999797133465120544
2017/10/12 21:47:21 blockbuffer value  200867255532373784442745261542645325379266950959911065120544
2017/10/12 21:49:19 blockbuffer value  200867255532373784442745261542645325379376902122688665120544
2017/10/12 21:51:17 blockbuffer value  200867255532373784442745261542645325379486853285466265120544
2017/10/12 21:53:14 blockbuffer value  200867255532373784442745261542645325379596804448243865120544
2017/10/12 21:55:12 blockbuffer value  200867255532373784442745261542645325379706755611021465120544
2017/10/12 21:57:10 blockbuffer value  200867255532373784442745261542645325379816706773799065120544
2017/10/12 21:59:08 blockbuffer value  200867255532373784442745261542645325379926657936576665120544
2017/10/12 22:01:06 blockbuffer value  200867255532373784442745261542645325380036609099354265120544
2017/10/12 22:03:04 blockbuffer value  200867255532373784442745261542645325380146560262131865120544
2017/10/12 22:05:02 blockbuffer value  200867255532373784442745261542645325380256511424909465120544
2017/10/12 22:07:00 blockbuffer value  200867255532373784442745261542645325380366462587687065120544
2017/10/12 22:08:57 blockbuffer value  200867255532373784442745261542645325380476413750464665120544
2017/10/12 22:10:55 blockbuffer value  200867255532373784442745261542645325380586364913242265120544
2017/10/12 22:12:53 blockbuffer value  200867255532373784442745261542645325380696316076019865120544
2017/10/12 22:14:51 blockbuffer value  200867255532373784442745261542645325380806267238797465120544
2017/10/12 22:16:49 blockbuffer value  200867255532373784442745261542645325380916218401575065120544
2017/10/12 22:18:47 blockbuffer value  200867255532373784442745261542645325381026169564352665120544
2017/10/12 22:20:45 blockbuffer value  200867255532373784442745261542645325381136120727130265120544
2017/10/12 22:22:43 blockbuffer value  200867255532373784442745261542645325381246071889907865120544
2017/10/12 22:24:41 blockbuffer value  200867255532373784442745261542645325381356023052685465120544
2017/10/12 22:26:39 blockbuffer value  200867255532373784442745261542645325381465974215463065120544
2017/10/12 22:28:37 blockbuffer value  200867255532373784442745261542645325381575925378240665120544
2017/10/12 22:30:35 blockbuffer value  200867255532373784442745261542645325381685876541018265120544
2017/10/12 22:32:33 blockbuffer value  200867255532373784442745261542645325381795827703795865120544
2017/10/12 22:34:31 blockbuffer value  200867255532373784442745261542645325381905778866573465120544
2017/10/12 22:36:29 blockbuffer value  200867255532373784442745261542645325382015730029351065120544
2017/10/12 22:38:27 blockbuffer value  200867255532373784442745261542645325382125681192128665120544
2017/10/12 22:40:25 blockbuffer value  200867255532373784442745261542645325382235632354906265120544
2017/10/12 22:42:23 blockbuffer value  200867255532373784442745261542645325382345583517683865120544
2017/10/12 22:44:21 blockbuffer value  200867255532373784442745261542645325382455534680461465120544
2017/10/12 22:46:19 blockbuffer value  200867255532373784442745261542645325382565485843239065120544
2017/10/12 22:48:17 blockbuffer value  200867255532373784442745261542645325382675437006016665120544
2017/10/12 22:50:14 blockbuffer value  200867255532373784442745261542645325382785388168794265120544
2017/10/12 22:52:12 blockbuffer value  200867255532373784442745261542645325382895339331571865120544
2017/10/12 22:54:10 blockbuffer value  200867255532373784442745261542645325383005290494349465120544
2017/10/12 22:56:08 blockbuffer value  200867255532373784442745261542645325383115241657127065120544
2017/10/12 22:58:05 blockbuffer value  200867255532373784442745261542645325383225192819904665120544
2017/10/12 23:00:03 blockbuffer value  200867255532373784442745261542645325383335143982682265120544
2017/10/12 23:02:01 blockbuffer value  200867255532373784442745261542645325383445095145459865120544
2017/10/12 23:03:59 blockbuffer value  200867255532373784442745261542645325383555046308237465120544
2017/10/12 23:05:56 blockbuffer value  200867255532373784442745261542645325383664997471015065120544
2017/10/12 23:07:54 blockbuffer value  200867255532373784442745261542645325383774948633792665120544
2017/10/12 23:09:52 blockbuffer value  200867255532373784442745261542645325383884899796570265120544
2017/10/12 23:11:50 blockbuffer value  200867255532373784442745261542645325383994850959347865120544
2017/10/12 23:13:48 blockbuffer value  200867255532373784442745261542645325384104802122125465120544
2017/10/12 23:15:46 blockbuffer value  200867255532373784442745261542645325384214753284903065120544
2017/10/12 23:17:44 blockbuffer value  200867255532373784442745261542645325384324704447680665120544
2017/10/12 23:19:42 blockbuffer value  200867255532373784442745261542645325384434655610458265120544
2017/10/12 23:21:40 blockbuffer value  200867255532373784442745261542645325384544606773235865120544
2017/10/12 23:23:38 blockbuffer value  200867255532373784442745261542645325384654557936013465120544
2017/10/12 23:25:36 blockbuffer value  200867255532373784442745261542645325384764509098791065120544
2017/10/12 23:27:34 blockbuffer value  200867255532373784442745261542645325384874460261568665120544
2017/10/12 23:29:32 blockbuffer value  200867255532373784442745261542645325384984411424346265120544
2017/10/12 23:31:30 blockbuffer value  200867255532373784442745261542645325385094362587123865120544
2017/10/12 23:33:27 blockbuffer value  200867255532373784442745261542645325385204313749901465120544
2017/10/12 23:35:25 blockbuffer value  200867255532373784442745261542645325385314264912679065120544
2017/10/12 23:37:23 blockbuffer value  200867255532373784442745261542645325385424216075456665120544
2017/10/12 23:39:21 blockbuffer value  200867255532373784442745261542645325385534167238234265120544
2017/10/12 23:41:19 blockbuffer value  200867255532373784442745261542645325385644118401011865120544
2017/10/12 23:43:16 blockbuffer value  200867255532373784442745261542645325385754069563789465120544
2017/10/12 23:45:14 blockbuffer value  200867255532373784442745261542645325385864020726567065120544
2017/10/12 23:47:12 blockbuffer value  200867255532373784442745261542645325385973971889344665120544
2017/10/12 23:49:10 blockbuffer value  200867255532373784442745261542645325386083923052122265120544
2017/10/12 23:51:08 blockbuffer value  200867255532373784442745261542645325386193874214899865120544
2017/10/12 23:53:06 blockbuffer value  200867255532373784442745261542645325386303825377677465120544
2017/10/12 23:55:04 blockbuffer value  200867255532373784442745261542645325386413776540455065120544
2017/10/12 23:57:02 blockbuffer value  200867255532373784442745261542645325386523727703232665120544
2017/10/12 23:59:00 blockbuffer value  200867255532373784442745261542645325386633678866010265120544
2017/10/13 00:00:58 blockbuffer value  200867255532373784442745261542645325386743630028787865120544
2017/10/13 00:02:55 blockbuffer value  200867255532373784442745261542645325386853581191565465120544
2017/10/13 00:04:53 blockbuffer value  200867255532373784442745261542645325386963532354343065120544
2017/10/13 00:06:51 blockbuffer value  200867255532373784442745261542645325387073483517120665120544
2017/10/13 00:08:49 blockbuffer value  200867255532373784442745261542645325387183434679898265120544
2017/10/13 00:10:47 blockbuffer value  200867255532373784442745261542645325387293385842675865120544
2017/10/13 00:12:44 blockbuffer value  200867255532373784442745261542645325387403337005453465120544
2017/10/13 00:14:42 blockbuffer value  200867255532373784442745261542645325387513288168231065120544
2017/10/13 00:16:40 blockbuffer value  200867255532373784442745261542645325387623239331008665120544
2017/10/13 00:18:38 blockbuffer value  200867255532373784442745261542645325387733190493786265120544
2017/10/13 00:20:36 blockbuffer value  200867255532373784442745261542645325387843141656563865120544
2017/10/13 00:22:34 blockbuffer value  200867255532373784442745261542645325387953092819341465120544
2017/10/13 00:24:32 blockbuffer value  200867255532373784442745261542645325388063043982119065120544
2017/10/13 00:26:30 blockbuffer value  200867255532373784442745261542645325388172995144896665120544
2017/10/13 00:28:28 blockbuffer value  200867255532373784442745261542645325388282946307674265120544
2017/10/13 00:30:26 blockbuffer value  200867255532373784442745261542645325388392897470451865120544
2017/10/13 00:32:24 blockbuffer value  200867255532373784442745261542645325388502848633229465120544
2017/10/13 00:34:22 blockbuffer value  200867255532373784442745261542645325388612799796007065120544
2017/10/13 00:36:19 blockbuffer value  200867255532373784442745261542645325388722750958784665120544
2017/10/13 00:38:18 blockbuffer value  200867255532373784442745261542645325388832702121562265120544
2017/10/13 00:40:15 blockbuffer value  200867255532373784442745261542645325388942653284339865120544
2017/10/13 00:42:14 blockbuffer value  200867255532373784442745261542645325389052604447117465120544
2017/10/13 00:44:12 blockbuffer value  200867255532373784442745261542645325389162555609895065120544
2017/10/13 00:46:10 blockbuffer value  200867255532373784442745261542645325389272506772672665120544
2017/10/13 00:48:07 blockbuffer value  200867255532373784442745261542645325389382457935450265120544
2017/10/13 00:50:05 blockbuffer value  200867255532373784442745261542645325389492409098227865120544
2017/10/13 00:52:03 blockbuffer value  200867255532373784442745261542645325389602360261005465120544
2017/10/13 00:54:01 blockbuffer value  200867255532373784442745261542645325389712311423783065120544
2017/10/13 00:55:59 blockbuffer value  200867255532373784442745261542645325389822262586560665120544
2017/10/13 00:57:57 blockbuffer value  200867255532373784442745261542645325389932213749338265120544
2017/10/13 00:59:55 blockbuffer value  200867255532373784442745261542645325390042164912115865120544
2017/10/13 01:01:53 blockbuffer value  200867255532373784442745261542645325390152116074893465120544
2017/10/13 01:03:51 blockbuffer value  200867255532373784442745261542645325390262067237671065120544
2017/10/13 01:05:49 blockbuffer value  200867255532373784442745261542645325390372018400448665120544
2017/10/13 01:07:47 blockbuffer value  200867255532373784442745261542645325390481969563226265120544
2017/10/13 01:09:45 blockbuffer value  200867255532373784442745261542645325390591920726003865120544
2017/10/13 01:11:43 blockbuffer value  200867255532373784442745261542645325390701871888781465120544
2017/10/13 01:13:41 blockbuffer value  200867255532373784442745261542645325390811823051559065120544
2017/10/13 01:15:39 blockbuffer value  200867255532373784442745261542645325390921774214336665120544
2017/10/13 01:17:36 blockbuffer value  200867255532373784442745261542645325391031725377114265120544
2017/10/13 01:19:34 blockbuffer value  200867255532373784442745261542645325391141676539891865120544
2017/10/13 01:21:32 blockbuffer value  200867255532373784442745261542645325391251627702669465120544
2017/10/13 01:23:30 blockbuffer value  200867255532373784442745261542645325391361578865447065120544
2017/10/13 01:25:28 blockbuffer value  200867255532373784442745261542645325391471530028224665120544
2017/10/13 01:27:26 blockbuffer value  200867255532373784442745261542645325391581481191002265120544
2017/10/13 01:29:24 blockbuffer value  200867255532373784442745261542645325391691432353779865120544
2017/10/13 01:31:21 blockbuffer value  200867255532373784442745261542645325391801383516557465120544
2017/10/13 01:33:19 blockbuffer value  200867255532373784442745261542645325391911334679335065120544
2017/10/13 01:35:17 blockbuffer value  200867255532373784442745261542645325392021285842112665120544
2017/10/13 01:37:15 blockbuffer value  200867255532373784442745261542645325392131237004890265120544
2017/10/13 01:39:13 blockbuffer value  200867255532373784442745261542645325392241188167667865120544
2017/10/13 01:41:11 blockbuffer value  200867255532373784442745261542645325392351139330445465120544
2017/10/13 01:43:09 blockbuffer value  200867255532373784442745261542645325392461090493223065120544
2017/10/13 01:45:07 blockbuffer value  200867255532373784442745261542645325392571041656000665120544
2017/10/13 01:47:05 blockbuffer value  200867255532373784442745261542645325392680992818778265120544
2017/10/13 01:49:02 blockbuffer value  200867255532373784442745261542645325392790943981555865120544
2017/10/13 01:51:00 blockbuffer value  200867255532373784442745261542645325392900895144333465120544
2017/10/13 01:52:58 blockbuffer value  200867255532373784442745261542645325393010846307111065120544
2017/10/13 01:54:56 blockbuffer value  200867255532373784442745261542645325393120797469888665120544
2017/10/13 01:56:54 blockbuffer value  200867255532373784442745261542645325393230748632666265120544
2017/10/13 01:58:52 blockbuffer value  200867255532373784442745261542645325393340699795443865120544
2017/10/13 02:00:50 blockbuffer value  200867255532373784442745261542645325393450650958221465120544
2017/10/13 02:02:48 blockbuffer value  200867255532373784442745261542645325393560602120999065120544
2017/10/13 02:04:46 blockbuffer value  200867255532373784442745261542645325393670553283776665120544
2017/10/13 02:06:45 blockbuffer value  200867255532373784442745261542645325393780504446554265120544
2017/10/13 02:08:43 blockbuffer value  200867255532373784442745261542645325393890455609331865120544
2017/10/13 02:10:41 blockbuffer value  200867255532373784442745261542645325394000406772109465120544
2017/10/13 02:12:39 blockbuffer value  200867255532373784442745261542645325394110357934887065120544
2017/10/13 02:14:37 blockbuffer value  200867255532373784442745261542645325394220309097664665120544
2017/10/13 02:16:35 blockbuffer value  200867255532373784442745261542645325394330260260442265120544
2017/10/13 02:18:32 blockbuffer value  200867255532373784442745261542645325394440211423219865120544
2017/10/13 02:20:30 blockbuffer value  200867255532373784442745261542645325394550162585997465120544
2017/10/13 02:22:28 blockbuffer value  200867255532373784442745261542645325394660113748775065120544
2017/10/13 02:24:26 blockbuffer value  200867255532373784442745261542645325394770064911552665120544
2017/10/13 02:26:24 blockbuffer value  200867255532373784442745261542645325394880016074330265120544
2017/10/13 02:28:22 blockbuffer value  200867255532373784442745261542645325394989967237107865120544
2017/10/13 02:30:20 blockbuffer value  200867255532373784442745261542645325395099918399885465120544
2017/10/13 02:32:18 blockbuffer value  200867255532373784442745261542645325395209869562663065120544
2017/10/13 02:34:16 blockbuffer value  200867255532373784442745261542645325395319820725440665120544
2017/10/13 02:36:14 blockbuffer value  200867255532373784442745261542645325395429771888218265120544
2017/10/13 02:38:12 blockbuffer value  200867255532373784442745261542645325395539723050995865120544
2017/10/13 02:40:10 blockbuffer value  200867255532373784442745261542645325395649674213773465120544
2017/10/13 02:42:08 blockbuffer value  200867255532373784442745261542645325395759625376551065120544
2017/10/13 02:44:06 blockbuffer value  200867255532373784442745261542645325395869576539328665120544
2017/10/13 02:46:04 blockbuffer value  200867255532373784442745261542645325395979527702106265120544
2017/10/13 02:48:01 blockbuffer value  200867255532373784442745261542645325396089478864883865120544
2017/10/13 02:49:59 blockbuffer value  200867255532373784442745261542645325396199430027661465120544
2017/10/13 02:51:57 blockbuffer value  200867255532373784442745261542645325396309381190439065120544
2017/10/13 02:53:55 blockbuffer value  200867255532373784442745261542645325396419332353216665120544
2017/10/13 02:55:53 blockbuffer value  200867255532373784442745261542645325396529283515994265120544
2017/10/13 02:57:51 blockbuffer value  200867255532373784442745261542645325396639234678771865120544
2017/10/13 02:59:49 blockbuffer value  200867255532373784442745261542645325396749185841549465120544
2017/10/13 03:01:47 blockbuffer value  200867255532373784442745261542645325396859137004327065120544
2017/10/13 03:03:45 blockbuffer value  200867255532373784442745261542645325396969088167104665120544
2017/10/13 03:05:43 blockbuffer value  200867255532373784442745261542645325397079039329882265120544
2017/10/13 03:07:41 blockbuffer value  200867255532373784442745261542645325397188990492659865120544
2017/10/13 03:09:39 blockbuffer value  200867255532373784442745261542645325397298941655437465120544
2017/10/13 03:11:37 blockbuffer value  200867255532373784442745261542645325397408892818215065120544
2017/10/13 03:13:35 blockbuffer value  200867255532373784442745261542645325397518843980992665120544
2017/10/13 03:15:33 blockbuffer value  200867255532373784442745261542645325397628795143770265120544
2017/10/13 03:17:31 blockbuffer value  200867255532373784442745261542645325397738746306547865120544
2017/10/13 03:19:29 blockbuffer value  200867255532373784442745261542645325397848697469325465120544
2017/10/13 03:21:27 blockbuffer value  200867255532373784442745261542645325397958648632103065120544
2017/10/13 03:23:25 blockbuffer value  200867255532373784442745261542645325398068599794880665120544
2017/10/13 03:25:23 blockbuffer value  200867255532373784442745261542645325398178550957658265120544
2017/10/13 03:27:21 blockbuffer value  200867255532373784442745261542645325398288502120435865120544
2017/10/13 03:29:19 blockbuffer value  200867255532373784442745261542645325398398453283213465120544
2017/10/13 03:31:17 blockbuffer value  200867255532373784442745261542645325398508404445991065120544
2017/10/13 03:33:15 blockbuffer value  200867255532373784442745261542645325398618355608768665120544
2017/10/13 03:35:13 blockbuffer value  200867255532373784442745261542645325398728306771546265120544
2017/10/13 03:37:10 blockbuffer value  200867255532373784442745261542645325398838257934323865120544
2017/10/13 03:39:08 blockbuffer value  200867255532373784442745261542645325398948209097101465120544
2017/10/13 03:41:06 blockbuffer value  200867255532373784442745261542645325399058160259879065120544
2017/10/13 03:43:04 blockbuffer value  200867255532373784442745261542645325399168111422656665120544
2017/10/13 03:45:02 blockbuffer value  200867255532373784442745261542645325399278062585434265120544
2017/10/13 03:47:00 blockbuffer value  200867255532373784442745261542645325399388013748211865120544
2017/10/13 03:48:59 blockbuffer value  200867255532373784442745261542645325399497964910989465120544
2017/10/13 03:50:56 blockbuffer value  200867255532373784442745261542645325399607916073767065120544
2017/10/13 03:52:54 blockbuffer value  200867255532373784442745261542645325399717867236544665120544
2017/10/13 03:54:52 blockbuffer value  200867255532373784442745261542645325399827818399322265120544
2017/10/13 03:56:50 blockbuffer value  200867255532373784442745261542645325399937769562099865120544
2017/10/13 03:58:48 blockbuffer value  200867255532373784442745261542645325400047720724877465120544
2017/10/13 04:00:46 blockbuffer value  200867255532373784442745261542645325400157671887655065120544
2017/10/13 04:02:44 blockbuffer value  200867255532373784442745261542645325400267623050432665120544
2017/10/13 04:04:42 blockbuffer value  200867255532373784442745261542645325400377574213210265120544
2017/10/13 04:06:40 blockbuffer value  200867255532373784442745261542645325400487525375987865120544
2017/10/13 04:08:38 blockbuffer value  200867255532373784442745261542645325400597476538765465120544
2017/10/13 04:10:35 blockbuffer value  200867255532373784442745261542645325400707427701543065120544
2017/10/13 04:12:33 blockbuffer value  200867255532373784442745261542645325400817378864320665120544
2017/10/13 04:14:31 blockbuffer value  200867255532373784442745261542645325400927330027098265120544
2017/10/13 04:16:29 blockbuffer value  200867255532373784442745261542645325401037281189875865120544
2017/10/13 04:18:27 blockbuffer value  200867255532373784442745261542645325401147232352653465120544
2017/10/13 04:20:25 blockbuffer value  200867255532373784442745261542645325401257183515431065120544
2017/10/13 04:22:23 blockbuffer value  200867255532373784442745261542645325401367134678208665120544
2017/10/13 04:24:21 blockbuffer value  200867255532373784442745261542645325401477085840986265120544
2017/10/13 04:26:19 blockbuffer value  200867255532373784442745261542645325401587037003763865120544
2017/10/13 04:28:16 blockbuffer value  200867255532373784442745261542645325401696988166541465120544
2017/10/13 04:30:14 blockbuffer value  200867255532373784442745261542645325401806939329319065120544
2017/10/13 04:32:12 blockbuffer value  200867255532373784442745261542645325401916890492096665120544
2017/10/13 04:34:10 blockbuffer value  200867255532373784442745261542645325402026841654874265120544
2017/10/13 04:36:08 blockbuffer value  200867255532373784442745261542645325402136792817651865120544
2017/10/13 04:38:06 blockbuffer value  200867255532373784442745261542645325402246743980429465120544
2017/10/13 04:40:03 blockbuffer value  200867255532373784442745261542645325402356695143207065120544
2017/10/13 04:42:01 blockbuffer value  200867255532373784442745261542645325402466646305984665120544
2017/10/13 04:43:59 blockbuffer value  200867255532373784442745261542645325402576597468762265120544
2017/10/13 04:45:57 blockbuffer value  200867255532373784442745261542645325402686548631539865120544
2017/10/13 04:47:55 blockbuffer value  200867255532373784442745261542645325402796499794317465120544
2017/10/13 04:49:53 blockbuffer value  200867255532373784442745261542645325402906450957095065120544
2017/10/13 04:51:51 blockbuffer value  200867255532373784442745261542645325403016402119872665120544
2017/10/13 04:53:49 blockbuffer value  200867255532373784442745261542645325403126353282650265120544
2017/10/13 04:55:47 blockbuffer value  200867255532373784442745261542645325403236304445427865120544
2017/10/13 04:57:45 blockbuffer value  200867255532373784442745261542645325403346255608205465120544
2017/10/13 04:59:43 blockbuffer value  200867255532373784442745261542645325403456206770983065120544
2017/10/13 05:01:41 blockbuffer value  200867255532373784442745261542645325403566157933760665120544
2017/10/13 05:03:39 blockbuffer value  200867255532373784442745261542645325403676109096538265120544
2017/10/13 05:05:37 blockbuffer value  200867255532373784442745261542645325403786060259315865120544
2017/10/13 05:07:35 blockbuffer value  200867255532373784442745261542645325403896011422093465120544
2017/10/13 05:09:33 blockbuffer value  200867255532373784442745261542645325404005962584871065120544
2017/10/13 05:11:31 blockbuffer value  200867255532373784442745261542645325404115913747648665120544
2017/10/13 05:13:28 blockbuffer value  200867255532373784442745261542645325404225864910426265120544
